2021-02-16 20:56:31 febs-shiro INFO  background-preinit org.hibernate.validator.internal.util.Version HV000001: Hibernate Validator 6.1.6.Final
2021-02-16 20:56:31 febs-shiro INFO  main cc.mrbird.febs.FebsShiroApplication Starting FebsShiroApplication using Java 11.0.6 on Tom-PC with PID 7580 (D:\work\saleGoods\target\classes started by Tom in D:\work\saleGoods)
2021-02-16 20:56:31 febs-shiro INFO  main cc.mrbird.febs.FebsShiroApplication The following profiles are active: dev
2021-02-16 20:56:33 febs-shiro INFO  main org.springframework.context.annotation.AutoProxyRegistrar AutoProxyRegistrar was imported but no annotations were found having both 'mode' and 'proxyTargetClass' attributes of type AdviceMode and boolean respectively. This means that auto proxy creator registration and configuration may not have occurred as intended, and components may not be proxied as expected. Check to ensure that AutoProxyRegistrar has been @Import'ed on the same class where these annotations are declared; otherwise remove the import of AutoProxyRegistrar altogether.
2021-02-16 20:56:33 febs-shiro INFO  main org.springframework.data.repository.config.RepositoryConfigurationDelegate Multiple Spring Data modules found, entering strict repository configuration mode!
2021-02-16 20:56:33 febs-shiro INFO  main org.springframework.data.repository.config.RepositoryConfigurationDelegate Bootstrapping Spring Data Redis repositories in DEFAULT mode.
2021-02-16 20:56:33 febs-shiro INFO  main org.springframework.data.repository.config.RepositoryConfigurationDelegate Finished Spring Data repository scanning in 63 ms. Found 0 Redis repository interfaces.
2021-02-16 20:56:34 febs-shiro INFO  main org.springframework.context.support.PostProcessorRegistrationDelegate$BeanPostProcessorChecker Bean 'spring.datasource.dynamic-com.baomidou.dynamic.datasource.spring.boot.autoconfigure.DynamicDataSourceProperties' of type [com.baomidou.dynamic.datasource.spring.boot.autoconfigure.DynamicDataSourceProperties] is not eligible for getting processed by all BeanPostProcessors (for example: not eligible for auto-proxying)
2021-02-16 20:56:34 febs-shiro INFO  main org.springframework.context.support.PostProcessorRegistrationDelegate$BeanPostProcessorChecker Bean 'com.baomidou.dynamic.datasource.spring.boot.autoconfigure.DynamicDataSourceAutoConfiguration' of type [com.baomidou.dynamic.datasource.spring.boot.autoconfigure.DynamicDataSourceAutoConfiguration$$EnhancerBySpringCGLIB$$45454a0] is not eligible for getting processed by all BeanPostProcessors (for example: not eligible for auto-proxying)
2021-02-16 20:56:34 febs-shiro INFO  main org.springframework.context.support.PostProcessorRegistrationDelegate$BeanPostProcessorChecker Bean 'dsProcessor' of type [com.baomidou.dynamic.datasource.processor.DsHeaderProcessor] is not eligible for getting processed by all BeanPostProcessors (for example: not eligible for auto-proxying)
2021-02-16 20:56:34 febs-shiro INFO  main org.springframework.context.support.PostProcessorRegistrationDelegate$BeanPostProcessorChecker Bean 'dynamicDatasourceAnnotationAdvisor' of type [com.baomidou.dynamic.datasource.aop.DynamicDataSourceAnnotationAdvisor] is not eligible for getting processed by all BeanPostProcessors (for example: not eligible for auto-proxying)
2021-02-16 20:56:34 febs-shiro INFO  main org.springframework.context.support.PostProcessorRegistrationDelegate$BeanPostProcessorChecker Bean 'febsProperties' of type [cc.mrbird.febs.common.properties.FebsProperties] is not eligible for getting processed by all BeanPostProcessors (for example: not eligible for auto-proxying)
2021-02-16 20:56:34 febs-shiro INFO  main org.springframework.context.support.PostProcessorRegistrationDelegate$BeanPostProcessorChecker Bean 'spring.redis-org.springframework.boot.autoconfigure.data.redis.RedisProperties' of type [org.springframework.boot.autoconfigure.data.redis.RedisProperties] is not eligible for getting processed by all BeanPostProcessors (for example: not eligible for auto-proxying)
2021-02-16 20:56:34 febs-shiro INFO  main org.springframework.context.support.PostProcessorRegistrationDelegate$BeanPostProcessorChecker Bean 'shiroConfig' of type [cc.mrbird.febs.common.authentication.ShiroConfig$$EnhancerBySpringCGLIB$$645e578] is not eligible for getting processed by all BeanPostProcessors (for example: not eligible for auto-proxying)
2021-02-16 20:56:34 febs-shiro INFO  main org.springframework.context.support.PostProcessorRegistrationDelegate$BeanPostProcessorChecker Bean 'cacheManager' of type [org.crazycake.shiro.RedisCacheManager] is not eligible for getting processed by all BeanPostProcessors (for example: not eligible for auto-proxying)
2021-02-16 20:56:34 febs-shiro INFO  main org.springframework.context.support.PostProcessorRegistrationDelegate$BeanPostProcessorChecker Bean 'redisSessionDAO' of type [org.crazycake.shiro.RedisSessionDAO] is not eligible for getting processed by all BeanPostProcessors (for example: not eligible for auto-proxying)
2021-02-16 20:56:34 febs-shiro INFO  main org.springframework.context.support.PostProcessorRegistrationDelegate$BeanPostProcessorChecker Bean 'sessionServiceImpl' of type [cc.mrbird.febs.monitor.service.impl.SessionServiceImpl] is not eligible for getting processed by all BeanPostProcessors (for example: not eligible for auto-proxying)
2021-02-16 20:56:34 febs-shiro INFO  main org.springframework.context.support.PostProcessorRegistrationDelegate$BeanPostProcessorChecker Bean 'redisConfigure' of type [cc.mrbird.febs.common.configure.RedisConfigure$$EnhancerBySpringCGLIB$$b1e1dce] is not eligible for getting processed by all BeanPostProcessors (for example: not eligible for auto-proxying)
2021-02-16 20:56:34 febs-shiro INFO  main org.springframework.context.support.PostProcessorRegistrationDelegate$BeanPostProcessorChecker Bean 'org.springframework.boot.autoconfigure.data.redis.LettuceConnectionConfiguration' of type [org.springframework.boot.autoconfigure.data.redis.LettuceConnectionConfiguration] is not eligible for getting processed by all BeanPostProcessors (for example: not eligible for auto-proxying)
2021-02-16 20:56:34 febs-shiro INFO  main org.springframework.context.support.PostProcessorRegistrationDelegate$BeanPostProcessorChecker Bean 'lettuceClientResources' of type [io.lettuce.core.resource.DefaultClientResources] is not eligible for getting processed by all BeanPostProcessors (for example: not eligible for auto-proxying)
2021-02-16 20:56:34 febs-shiro INFO  main org.springframework.context.support.PostProcessorRegistrationDelegate$BeanPostProcessorChecker Bean 'redisConnectionFactory' of type [org.springframework.data.redis.connection.lettuce.LettuceConnectionFactory] is not eligible for getting processed by all BeanPostProcessors (for example: not eligible for auto-proxying)
2021-02-16 20:56:34 febs-shiro INFO  main org.springframework.context.support.PostProcessorRegistrationDelegate$BeanPostProcessorChecker Bean 'redisTemplate' of type [org.springframework.data.redis.core.RedisTemplate] is not eligible for getting processed by all BeanPostProcessors (for example: not eligible for auto-proxying)
2021-02-16 20:56:34 febs-shiro INFO  main org.springframework.context.support.PostProcessorRegistrationDelegate$BeanPostProcessorChecker Bean 'redisService' of type [cc.mrbird.febs.common.service.RedisService] is not eligible for getting processed by all BeanPostProcessors (for example: not eligible for auto-proxying)
2021-02-16 20:56:34 febs-shiro INFO  main org.springframework.context.support.PostProcessorRegistrationDelegate$BeanPostProcessorChecker Bean 'shiroLogoutService' of type [cc.mrbird.febs.common.authentication.ShiroLogoutService] is not eligible for getting processed by all BeanPostProcessors (for example: not eligible for auto-proxying)
2021-02-16 20:56:34 febs-shiro INFO  main org.springframework.context.support.PostProcessorRegistrationDelegate$BeanPostProcessorChecker Bean 'mybatis-plus-com.baomidou.mybatisplus.autoconfigure.MybatisPlusProperties' of type [com.baomidou.mybatisplus.autoconfigure.MybatisPlusProperties] is not eligible for getting processed by all BeanPostProcessors (for example: not eligible for auto-proxying)
2021-02-16 20:56:34 febs-shiro INFO  main org.springframework.context.support.PostProcessorRegistrationDelegate$BeanPostProcessorChecker Bean 'mybatisPlusConfigure' of type [cc.mrbird.febs.common.configure.MybatisPlusConfigure$$EnhancerBySpringCGLIB$$22389fc] is not eligible for getting processed by all BeanPostProcessors (for example: not eligible for auto-proxying)
2021-02-16 20:56:34 febs-shiro INFO  main org.springframework.context.support.PostProcessorRegistrationDelegate$BeanPostProcessorChecker Bean 'dataPermissionInterceptor' of type [cc.mrbird.febs.common.interceptor.DataPermissionInterceptor] is not eligible for getting processed by all BeanPostProcessors (for example: not eligible for auto-proxying)
2021-02-16 20:56:34 febs-shiro INFO  main org.springframework.context.support.PostProcessorRegistrationDelegate$BeanPostProcessorChecker Bean 'desensitizationInterceptor' of type [cc.mrbird.febs.common.interceptor.DesensitizationInterceptor] is not eligible for getting processed by all BeanPostProcessors (for example: not eligible for auto-proxying)
2021-02-16 20:56:34 febs-shiro INFO  main org.springframework.context.support.PostProcessorRegistrationDelegate$BeanPostProcessorChecker Bean 'paginationInterceptor' of type [com.baomidou.mybatisplus.extension.plugins.PaginationInterceptor] is not eligible for getting processed by all BeanPostProcessors (for example: not eligible for auto-proxying)
2021-02-16 20:56:34 febs-shiro INFO  main org.springframework.context.support.PostProcessorRegistrationDelegate$BeanPostProcessorChecker Bean 'com.baomidou.mybatisplus.autoconfigure.MybatisPlusAutoConfiguration' of type [com.baomidou.mybatisplus.autoconfigure.MybatisPlusAutoConfiguration$$EnhancerBySpringCGLIB$$d88e5069] is not eligible for getting processed by all BeanPostProcessors (for example: not eligible for auto-proxying)
2021-02-16 20:56:34 febs-shiro INFO  main org.springframework.context.support.PostProcessorRegistrationDelegate$BeanPostProcessorChecker Bean 'dataSourceCreator' of type [com.baomidou.dynamic.datasource.creator.DataSourceCreator] is not eligible for getting processed by all BeanPostProcessors (for example: not eligible for auto-proxying)
2021-02-16 20:56:34 febs-shiro INFO  main org.springframework.context.support.PostProcessorRegistrationDelegate$BeanPostProcessorChecker Bean 'dynamicDataSourceProvider' of type [com.baomidou.dynamic.datasource.provider.YmlDynamicDataSourceProvider] is not eligible for getting processed by all BeanPostProcessors (for example: not eligible for auto-proxying)
2021-02-16 20:56:35 febs-shiro INFO  main com.zaxxer.hikari.HikariDataSource base - Starting...
2021-02-16 20:56:35 febs-shiro INFO  main com.zaxxer.hikari.HikariDataSource base - Start completed.
2021-02-16 20:56:35 febs-shiro INFO  main com.zaxxer.hikari.HikariDataSource quartz - Starting...
2021-02-16 20:56:35 febs-shiro INFO  main com.zaxxer.hikari.HikariDataSource quartz - Start completed.
2021-02-16 20:56:35 febs-shiro INFO  main com.baomidou.dynamic.datasource.DynamicRoutingDataSource dynamic-datasource - load a datasource named [quartz] success
2021-02-16 20:56:35 febs-shiro INFO  main com.baomidou.dynamic.datasource.DynamicRoutingDataSource dynamic-datasource - load a datasource named [base] success
2021-02-16 20:56:35 febs-shiro INFO  main com.baomidou.dynamic.datasource.DynamicRoutingDataSource dynamic-datasource initial loaded [2] datasource,primary datasource named [base]
2021-02-16 20:56:35 febs-shiro INFO  main org.springframework.context.support.PostProcessorRegistrationDelegate$BeanPostProcessorChecker Bean 'dataSource' of type [com.baomidou.dynamic.datasource.DynamicRoutingDataSource] is not eligible for getting processed by all BeanPostProcessors (for example: not eligible for auto-proxying)
2021-02-16 20:56:35 febs-shiro INFO  main org.springframework.context.support.PostProcessorRegistrationDelegate$BeanPostProcessorChecker Bean 'spring.datasource-org.springframework.boot.autoconfigure.jdbc.DataSourceProperties' of type [org.springframework.boot.autoconfigure.jdbc.DataSourceProperties] is not eligible for getting processed by all BeanPostProcessors (for example: not eligible for auto-proxying)
2021-02-16 20:56:35 febs-shiro INFO  main org.springframework.context.support.PostProcessorRegistrationDelegate$BeanPostProcessorChecker Bean 'org.springframework.boot.autoconfigure.jdbc.DataSourceInitializerInvoker' of type [org.springframework.boot.autoconfigure.jdbc.DataSourceInitializerInvoker] is not eligible for getting processed by all BeanPostProcessors (for example: not eligible for auto-proxying)
2021-02-16 20:56:36 febs-shiro INFO  main org.springframework.context.support.PostProcessorRegistrationDelegate$BeanPostProcessorChecker Bean 'sqlSessionFactory' of type [org.apache.ibatis.session.defaults.DefaultSqlSessionFactory] is not eligible for getting processed by all BeanPostProcessors (for example: not eligible for auto-proxying)
2021-02-16 20:56:36 febs-shiro INFO  main org.springframework.context.support.PostProcessorRegistrationDelegate$BeanPostProcessorChecker Bean 'sqlSessionTemplate' of type [org.mybatis.spring.SqlSessionTemplate] is not eligible for getting processed by all BeanPostProcessors (for example: not eligible for auto-proxying)
2021-02-16 20:56:36 febs-shiro INFO  main org.springframework.context.support.PostProcessorRegistrationDelegate$BeanPostProcessorChecker Bean 'userDataPermissionMapper' of type [org.mybatis.spring.mapper.MapperFactoryBean] is not eligible for getting processed by all BeanPostProcessors (for example: not eligible for auto-proxying)
2021-02-16 20:56:36 febs-shiro INFO  main org.springframework.context.support.PostProcessorRegistrationDelegate$BeanPostProcessorChecker Bean 'userDataPermissionMapper' of type [com.sun.proxy.$Proxy125] is not eligible for getting processed by all BeanPostProcessors (for example: not eligible for auto-proxying)
2021-02-16 20:56:36 febs-shiro INFO  main org.springframework.context.support.PostProcessorRegistrationDelegate$BeanPostProcessorChecker Bean 'userDataPermissionService' of type [cc.mrbird.febs.system.service.impl.UserDataPermissionServiceImpl] is not eligible for getting processed by all BeanPostProcessors (for example: not eligible for auto-proxying)
2021-02-16 20:56:36 febs-shiro INFO  main org.springframework.context.support.PostProcessorRegistrationDelegate$BeanPostProcessorChecker Bean 'shiroRealm' of type [cc.mrbird.febs.common.authentication.ShiroRealm] is not eligible for getting processed by all BeanPostProcessors (for example: not eligible for auto-proxying)
2021-02-16 20:56:36 febs-shiro INFO  main org.springframework.context.support.PostProcessorRegistrationDelegate$BeanPostProcessorChecker Bean 'sessionManager' of type [org.apache.shiro.web.session.mgt.DefaultWebSessionManager] is not eligible for getting processed by all BeanPostProcessors (for example: not eligible for auto-proxying)
2021-02-16 20:56:36 febs-shiro INFO  main org.springframework.context.support.PostProcessorRegistrationDelegate$BeanPostProcessorChecker Bean 'securityManager' of type [org.apache.shiro.web.mgt.DefaultWebSecurityManager] is not eligible for getting processed by all BeanPostProcessors (for example: not eligible for auto-proxying)
2021-02-16 20:56:36 febs-shiro INFO  main org.springframework.context.support.PostProcessorRegistrationDelegate$BeanPostProcessorChecker Bean 'authorizationAttributeSourceAdvisor' of type [org.apache.shiro.spring.security.interceptor.AuthorizationAttributeSourceAdvisor] is not eligible for getting processed by all BeanPostProcessors (for example: not eligible for auto-proxying)
2021-02-16 20:56:37 febs-shiro INFO  main io.undertow.servlet Initializing Spring embedded WebApplicationContext
2021-02-16 20:56:37 febs-shiro INFO  main org.springframework.boot.web.servlet.context.ServletWebServerApplicationContext Root WebApplicationContext: initialization completed in 6142 ms
2021-02-16 20:56:38 febs-shiro INFO  main org.quartz.impl.StdSchedulerFactory Using default implementation for ThreadExecutor
2021-02-16 20:56:38 febs-shiro INFO  main org.quartz.core.SchedulerSignalerImpl Initialized Scheduler Signaller of type: class org.quartz.core.SchedulerSignalerImpl
2021-02-16 20:56:38 febs-shiro INFO  main org.quartz.core.QuartzScheduler Quartz Scheduler v.2.3.2 created.
2021-02-16 20:56:38 febs-shiro INFO  main org.springframework.scheduling.quartz.LocalDataSourceJobStore Using db table-based data access locking (synchronization).
2021-02-16 20:56:38 febs-shiro INFO  main org.springframework.scheduling.quartz.LocalDataSourceJobStore JobStoreCMT initialized.
2021-02-16 20:56:38 febs-shiro INFO  main org.quartz.core.QuartzScheduler Scheduler meta-data: Quartz Scheduler (v2.3.2) 'FEBS_Scheduler' with instanceId 'Tom-PC1613480198855'
  Scheduler class: 'org.quartz.core.QuartzScheduler' - running locally.
  NOT STARTED.
  Currently in standby mode.
  Number of jobs executed: 0
  Using thread pool 'org.quartz.simpl.SimpleThreadPool' - with 20 threads.
  Using job-store 'org.springframework.scheduling.quartz.LocalDataSourceJobStore' - which supports persistence. and is clustered.

2021-02-16 20:56:38 febs-shiro INFO  main org.quartz.impl.StdSchedulerFactory Quartz scheduler 'FEBS_Scheduler' initialized from an externally provided properties instance.
2021-02-16 20:56:38 febs-shiro INFO  main org.quartz.impl.StdSchedulerFactory Quartz scheduler version: 2.3.2
2021-02-16 20:56:38 febs-shiro INFO  main org.quartz.core.QuartzScheduler JobFactory set to: org.springframework.scheduling.quartz.AdaptableJobFactory@c931728
2021-02-16 20:56:40 febs-shiro INFO  main org.springframework.boot.actuate.endpoint.web.EndpointLinksResolver Exposing 2 endpoint(s) beneath base path '/actuator'
2021-02-16 20:56:40 febs-shiro INFO  main org.springframework.scheduling.concurrent.ThreadPoolTaskExecutor Initializing ExecutorService
2021-02-16 20:56:40 febs-shiro INFO  main org.springframework.scheduling.concurrent.ThreadPoolTaskExecutor Initializing ExecutorService 'febsAsyncThreadPool'
2021-02-16 20:56:40 febs-shiro INFO  main org.springframework.scheduling.concurrent.ThreadPoolTaskExecutor Initializing ExecutorService
2021-02-16 20:56:40 febs-shiro INFO  main org.springframework.scheduling.concurrent.ThreadPoolTaskExecutor Initializing ExecutorService 'scheduleJobExecutorService'
2021-02-16 20:56:40 febs-shiro INFO  main org.springframework.scheduling.concurrent.ThreadPoolTaskExecutor Shutting down ExecutorService 'scheduleJobExecutorService'
2021-02-16 20:56:40 febs-shiro INFO  main org.springframework.scheduling.concurrent.ThreadPoolTaskExecutor Shutting down ExecutorService 'febsAsyncThreadPool'
2021-02-16 20:56:41 febs-shiro INFO  main org.springframework.scheduling.quartz.SchedulerFactoryBean Shutting down Quartz Scheduler
2021-02-16 20:56:41 febs-shiro INFO  main org.quartz.core.QuartzScheduler Scheduler FEBS_Scheduler_$_Tom-PC1613480198855 shutting down.
2021-02-16 20:56:41 febs-shiro INFO  main org.quartz.core.QuartzScheduler Scheduler FEBS_Scheduler_$_Tom-PC1613480198855 paused.
2021-02-16 20:56:41 febs-shiro INFO  main org.quartz.core.QuartzScheduler Scheduler FEBS_Scheduler_$_Tom-PC1613480198855 shutdown complete.
2021-02-16 20:56:41 febs-shiro INFO  main com.baomidou.dynamic.datasource.DynamicRoutingDataSource dynamic-datasource start closing ....
2021-02-16 20:56:41 febs-shiro INFO  main com.zaxxer.hikari.HikariDataSource quartz - Shutdown initiated...
2021-02-16 20:56:41 febs-shiro INFO  main com.zaxxer.hikari.HikariDataSource quartz - Shutdown completed.
2021-02-16 20:56:41 febs-shiro INFO  main com.zaxxer.hikari.HikariDataSource base - Shutdown initiated...
2021-02-16 20:56:41 febs-shiro INFO  main com.zaxxer.hikari.HikariDataSource base - Shutdown completed.
2021-02-16 20:56:41 febs-shiro INFO  main com.baomidou.dynamic.datasource.DynamicRoutingDataSource dynamic-datasource all closed success,bye
2021-02-16 20:56:41 febs-shiro INFO  main org.springframework.boot.autoconfigure.logging.ConditionEvaluationReportLoggingListener 

Error starting ApplicationContext. To display the conditions report re-run your application with 'debug' enabled.
2021-02-16 20:58:02 febs-shiro INFO  background-preinit org.hibernate.validator.internal.util.Version HV000001: Hibernate Validator 6.1.6.Final
2021-02-16 20:58:02 febs-shiro INFO  main cc.mrbird.febs.FebsShiroApplication Starting FebsShiroApplication using Java 11.0.6 on Tom-PC with PID 7528 (D:\work\saleGoods\target\classes started by Tom in D:\work\saleGoods)
2021-02-16 20:58:02 febs-shiro INFO  main cc.mrbird.febs.FebsShiroApplication The following profiles are active: dev
2021-02-16 20:58:04 febs-shiro INFO  main org.springframework.context.annotation.AutoProxyRegistrar AutoProxyRegistrar was imported but no annotations were found having both 'mode' and 'proxyTargetClass' attributes of type AdviceMode and boolean respectively. This means that auto proxy creator registration and configuration may not have occurred as intended, and components may not be proxied as expected. Check to ensure that AutoProxyRegistrar has been @Import'ed on the same class where these annotations are declared; otherwise remove the import of AutoProxyRegistrar altogether.
2021-02-16 20:58:04 febs-shiro INFO  main org.springframework.data.repository.config.RepositoryConfigurationDelegate Multiple Spring Data modules found, entering strict repository configuration mode!
2021-02-16 20:58:04 febs-shiro INFO  main org.springframework.data.repository.config.RepositoryConfigurationDelegate Bootstrapping Spring Data Redis repositories in DEFAULT mode.
2021-02-16 20:58:04 febs-shiro INFO  main org.springframework.data.repository.config.RepositoryConfigurationDelegate Finished Spring Data repository scanning in 44 ms. Found 0 Redis repository interfaces.
2021-02-16 20:58:04 febs-shiro INFO  main org.springframework.context.support.PostProcessorRegistrationDelegate$BeanPostProcessorChecker Bean 'spring.datasource.dynamic-com.baomidou.dynamic.datasource.spring.boot.autoconfigure.DynamicDataSourceProperties' of type [com.baomidou.dynamic.datasource.spring.boot.autoconfigure.DynamicDataSourceProperties] is not eligible for getting processed by all BeanPostProcessors (for example: not eligible for auto-proxying)
2021-02-16 20:58:04 febs-shiro INFO  main org.springframework.context.support.PostProcessorRegistrationDelegate$BeanPostProcessorChecker Bean 'com.baomidou.dynamic.datasource.spring.boot.autoconfigure.DynamicDataSourceAutoConfiguration' of type [com.baomidou.dynamic.datasource.spring.boot.autoconfigure.DynamicDataSourceAutoConfiguration$$EnhancerBySpringCGLIB$$2297b4f9] is not eligible for getting processed by all BeanPostProcessors (for example: not eligible for auto-proxying)
2021-02-16 20:58:04 febs-shiro INFO  main org.springframework.context.support.PostProcessorRegistrationDelegate$BeanPostProcessorChecker Bean 'dsProcessor' of type [com.baomidou.dynamic.datasource.processor.DsHeaderProcessor] is not eligible for getting processed by all BeanPostProcessors (for example: not eligible for auto-proxying)
2021-02-16 20:58:04 febs-shiro INFO  main org.springframework.context.support.PostProcessorRegistrationDelegate$BeanPostProcessorChecker Bean 'dynamicDatasourceAnnotationAdvisor' of type [com.baomidou.dynamic.datasource.aop.DynamicDataSourceAnnotationAdvisor] is not eligible for getting processed by all BeanPostProcessors (for example: not eligible for auto-proxying)
2021-02-16 20:58:04 febs-shiro INFO  main org.springframework.context.support.PostProcessorRegistrationDelegate$BeanPostProcessorChecker Bean 'febsProperties' of type [cc.mrbird.febs.common.properties.FebsProperties] is not eligible for getting processed by all BeanPostProcessors (for example: not eligible for auto-proxying)
2021-02-16 20:58:04 febs-shiro INFO  main org.springframework.context.support.PostProcessorRegistrationDelegate$BeanPostProcessorChecker Bean 'spring.redis-org.springframework.boot.autoconfigure.data.redis.RedisProperties' of type [org.springframework.boot.autoconfigure.data.redis.RedisProperties] is not eligible for getting processed by all BeanPostProcessors (for example: not eligible for auto-proxying)
2021-02-16 20:58:04 febs-shiro INFO  main org.springframework.context.support.PostProcessorRegistrationDelegate$BeanPostProcessorChecker Bean 'shiroConfig' of type [cc.mrbird.febs.common.authentication.ShiroConfig$$EnhancerBySpringCGLIB$$248945d1] is not eligible for getting processed by all BeanPostProcessors (for example: not eligible for auto-proxying)
2021-02-16 20:58:04 febs-shiro INFO  main org.springframework.context.support.PostProcessorRegistrationDelegate$BeanPostProcessorChecker Bean 'cacheManager' of type [org.crazycake.shiro.RedisCacheManager] is not eligible for getting processed by all BeanPostProcessors (for example: not eligible for auto-proxying)
2021-02-16 20:58:04 febs-shiro INFO  main org.springframework.context.support.PostProcessorRegistrationDelegate$BeanPostProcessorChecker Bean 'redisSessionDAO' of type [org.crazycake.shiro.RedisSessionDAO] is not eligible for getting processed by all BeanPostProcessors (for example: not eligible for auto-proxying)
2021-02-16 20:58:04 febs-shiro INFO  main org.springframework.context.support.PostProcessorRegistrationDelegate$BeanPostProcessorChecker Bean 'sessionServiceImpl' of type [cc.mrbird.febs.monitor.service.impl.SessionServiceImpl] is not eligible for getting processed by all BeanPostProcessors (for example: not eligible for auto-proxying)
2021-02-16 20:58:04 febs-shiro INFO  main org.springframework.context.support.PostProcessorRegistrationDelegate$BeanPostProcessorChecker Bean 'redisConfigure' of type [cc.mrbird.febs.common.configure.RedisConfigure$$EnhancerBySpringCGLIB$$29617e27] is not eligible for getting processed by all BeanPostProcessors (for example: not eligible for auto-proxying)
2021-02-16 20:58:04 febs-shiro INFO  main org.springframework.context.support.PostProcessorRegistrationDelegate$BeanPostProcessorChecker Bean 'org.springframework.boot.autoconfigure.data.redis.LettuceConnectionConfiguration' of type [org.springframework.boot.autoconfigure.data.redis.LettuceConnectionConfiguration] is not eligible for getting processed by all BeanPostProcessors (for example: not eligible for auto-proxying)
2021-02-16 20:58:04 febs-shiro INFO  main org.springframework.context.support.PostProcessorRegistrationDelegate$BeanPostProcessorChecker Bean 'lettuceClientResources' of type [io.lettuce.core.resource.DefaultClientResources] is not eligible for getting processed by all BeanPostProcessors (for example: not eligible for auto-proxying)
2021-02-16 20:58:05 febs-shiro INFO  main org.springframework.context.support.PostProcessorRegistrationDelegate$BeanPostProcessorChecker Bean 'redisConnectionFactory' of type [org.springframework.data.redis.connection.lettuce.LettuceConnectionFactory] is not eligible for getting processed by all BeanPostProcessors (for example: not eligible for auto-proxying)
2021-02-16 20:58:05 febs-shiro INFO  main org.springframework.context.support.PostProcessorRegistrationDelegate$BeanPostProcessorChecker Bean 'redisTemplate' of type [org.springframework.data.redis.core.RedisTemplate] is not eligible for getting processed by all BeanPostProcessors (for example: not eligible for auto-proxying)
2021-02-16 20:58:05 febs-shiro INFO  main org.springframework.context.support.PostProcessorRegistrationDelegate$BeanPostProcessorChecker Bean 'redisService' of type [cc.mrbird.febs.common.service.RedisService] is not eligible for getting processed by all BeanPostProcessors (for example: not eligible for auto-proxying)
2021-02-16 20:58:05 febs-shiro INFO  main org.springframework.context.support.PostProcessorRegistrationDelegate$BeanPostProcessorChecker Bean 'shiroLogoutService' of type [cc.mrbird.febs.common.authentication.ShiroLogoutService] is not eligible for getting processed by all BeanPostProcessors (for example: not eligible for auto-proxying)
2021-02-16 20:58:05 febs-shiro INFO  main org.springframework.context.support.PostProcessorRegistrationDelegate$BeanPostProcessorChecker Bean 'mybatis-plus-com.baomidou.mybatisplus.autoconfigure.MybatisPlusProperties' of type [com.baomidou.mybatisplus.autoconfigure.MybatisPlusProperties] is not eligible for getting processed by all BeanPostProcessors (for example: not eligible for auto-proxying)
2021-02-16 20:58:05 febs-shiro INFO  main org.springframework.context.support.PostProcessorRegistrationDelegate$BeanPostProcessorChecker Bean 'mybatisPlusConfigure' of type [cc.mrbird.febs.common.configure.MybatisPlusConfigure$$EnhancerBySpringCGLIB$$2066ea55] is not eligible for getting processed by all BeanPostProcessors (for example: not eligible for auto-proxying)
2021-02-16 20:58:05 febs-shiro INFO  main org.springframework.context.support.PostProcessorRegistrationDelegate$BeanPostProcessorChecker Bean 'dataPermissionInterceptor' of type [cc.mrbird.febs.common.interceptor.DataPermissionInterceptor] is not eligible for getting processed by all BeanPostProcessors (for example: not eligible for auto-proxying)
2021-02-16 20:58:05 febs-shiro INFO  main org.springframework.context.support.PostProcessorRegistrationDelegate$BeanPostProcessorChecker Bean 'desensitizationInterceptor' of type [cc.mrbird.febs.common.interceptor.DesensitizationInterceptor] is not eligible for getting processed by all BeanPostProcessors (for example: not eligible for auto-proxying)
2021-02-16 20:58:05 febs-shiro INFO  main org.springframework.context.support.PostProcessorRegistrationDelegate$BeanPostProcessorChecker Bean 'paginationInterceptor' of type [com.baomidou.mybatisplus.extension.plugins.PaginationInterceptor] is not eligible for getting processed by all BeanPostProcessors (for example: not eligible for auto-proxying)
2021-02-16 20:58:05 febs-shiro INFO  main org.springframework.context.support.PostProcessorRegistrationDelegate$BeanPostProcessorChecker Bean 'com.baomidou.mybatisplus.autoconfigure.MybatisPlusAutoConfiguration' of type [com.baomidou.mybatisplus.autoconfigure.MybatisPlusAutoConfiguration$$EnhancerBySpringCGLIB$$f6d1b0c2] is not eligible for getting processed by all BeanPostProcessors (for example: not eligible for auto-proxying)
2021-02-16 20:58:05 febs-shiro INFO  main org.springframework.context.support.PostProcessorRegistrationDelegate$BeanPostProcessorChecker Bean 'dataSourceCreator' of type [com.baomidou.dynamic.datasource.creator.DataSourceCreator] is not eligible for getting processed by all BeanPostProcessors (for example: not eligible for auto-proxying)
2021-02-16 20:58:05 febs-shiro INFO  main org.springframework.context.support.PostProcessorRegistrationDelegate$BeanPostProcessorChecker Bean 'dynamicDataSourceProvider' of type [com.baomidou.dynamic.datasource.provider.YmlDynamicDataSourceProvider] is not eligible for getting processed by all BeanPostProcessors (for example: not eligible for auto-proxying)
2021-02-16 20:58:05 febs-shiro INFO  main com.zaxxer.hikari.HikariDataSource base - Starting...
2021-02-16 20:58:05 febs-shiro INFO  main com.zaxxer.hikari.HikariDataSource base - Start completed.
2021-02-16 20:58:05 febs-shiro INFO  main com.zaxxer.hikari.HikariDataSource quartz - Starting...
2021-02-16 20:58:05 febs-shiro INFO  main com.zaxxer.hikari.HikariDataSource quartz - Start completed.
2021-02-16 20:58:05 febs-shiro INFO  main com.baomidou.dynamic.datasource.DynamicRoutingDataSource dynamic-datasource - load a datasource named [quartz] success
2021-02-16 20:58:05 febs-shiro INFO  main com.baomidou.dynamic.datasource.DynamicRoutingDataSource dynamic-datasource - load a datasource named [base] success
2021-02-16 20:58:05 febs-shiro INFO  main com.baomidou.dynamic.datasource.DynamicRoutingDataSource dynamic-datasource initial loaded [2] datasource,primary datasource named [base]
2021-02-16 20:58:05 febs-shiro INFO  main org.springframework.context.support.PostProcessorRegistrationDelegate$BeanPostProcessorChecker Bean 'dataSource' of type [com.baomidou.dynamic.datasource.DynamicRoutingDataSource] is not eligible for getting processed by all BeanPostProcessors (for example: not eligible for auto-proxying)
2021-02-16 20:58:05 febs-shiro INFO  main org.springframework.context.support.PostProcessorRegistrationDelegate$BeanPostProcessorChecker Bean 'spring.datasource-org.springframework.boot.autoconfigure.jdbc.DataSourceProperties' of type [org.springframework.boot.autoconfigure.jdbc.DataSourceProperties] is not eligible for getting processed by all BeanPostProcessors (for example: not eligible for auto-proxying)
2021-02-16 20:58:05 febs-shiro INFO  main org.springframework.context.support.PostProcessorRegistrationDelegate$BeanPostProcessorChecker Bean 'org.springframework.boot.autoconfigure.jdbc.DataSourceInitializerInvoker' of type [org.springframework.boot.autoconfigure.jdbc.DataSourceInitializerInvoker] is not eligible for getting processed by all BeanPostProcessors (for example: not eligible for auto-proxying)
2021-02-16 20:58:06 febs-shiro INFO  main org.springframework.context.support.PostProcessorRegistrationDelegate$BeanPostProcessorChecker Bean 'sqlSessionFactory' of type [org.apache.ibatis.session.defaults.DefaultSqlSessionFactory] is not eligible for getting processed by all BeanPostProcessors (for example: not eligible for auto-proxying)
2021-02-16 20:58:06 febs-shiro INFO  main org.springframework.context.support.PostProcessorRegistrationDelegate$BeanPostProcessorChecker Bean 'sqlSessionTemplate' of type [org.mybatis.spring.SqlSessionTemplate] is not eligible for getting processed by all BeanPostProcessors (for example: not eligible for auto-proxying)
2021-02-16 20:58:06 febs-shiro INFO  main org.springframework.context.support.PostProcessorRegistrationDelegate$BeanPostProcessorChecker Bean 'userDataPermissionMapper' of type [org.mybatis.spring.mapper.MapperFactoryBean] is not eligible for getting processed by all BeanPostProcessors (for example: not eligible for auto-proxying)
2021-02-16 20:58:06 febs-shiro INFO  main org.springframework.context.support.PostProcessorRegistrationDelegate$BeanPostProcessorChecker Bean 'userDataPermissionMapper' of type [com.sun.proxy.$Proxy125] is not eligible for getting processed by all BeanPostProcessors (for example: not eligible for auto-proxying)
2021-02-16 20:58:06 febs-shiro INFO  main org.springframework.context.support.PostProcessorRegistrationDelegate$BeanPostProcessorChecker Bean 'userDataPermissionService' of type [cc.mrbird.febs.system.service.impl.UserDataPermissionServiceImpl] is not eligible for getting processed by all BeanPostProcessors (for example: not eligible for auto-proxying)
2021-02-16 20:58:06 febs-shiro INFO  main org.springframework.context.support.PostProcessorRegistrationDelegate$BeanPostProcessorChecker Bean 'shiroRealm' of type [cc.mrbird.febs.common.authentication.ShiroRealm] is not eligible for getting processed by all BeanPostProcessors (for example: not eligible for auto-proxying)
2021-02-16 20:58:06 febs-shiro INFO  main org.springframework.context.support.PostProcessorRegistrationDelegate$BeanPostProcessorChecker Bean 'sessionManager' of type [org.apache.shiro.web.session.mgt.DefaultWebSessionManager] is not eligible for getting processed by all BeanPostProcessors (for example: not eligible for auto-proxying)
2021-02-16 20:58:06 febs-shiro INFO  main org.springframework.context.support.PostProcessorRegistrationDelegate$BeanPostProcessorChecker Bean 'securityManager' of type [org.apache.shiro.web.mgt.DefaultWebSecurityManager] is not eligible for getting processed by all BeanPostProcessors (for example: not eligible for auto-proxying)
2021-02-16 20:58:06 febs-shiro INFO  main org.springframework.context.support.PostProcessorRegistrationDelegate$BeanPostProcessorChecker Bean 'authorizationAttributeSourceAdvisor' of type [org.apache.shiro.spring.security.interceptor.AuthorizationAttributeSourceAdvisor] is not eligible for getting processed by all BeanPostProcessors (for example: not eligible for auto-proxying)
2021-02-16 20:58:07 febs-shiro INFO  main io.undertow.servlet Initializing Spring embedded WebApplicationContext
2021-02-16 20:58:07 febs-shiro INFO  main org.springframework.boot.web.servlet.context.ServletWebServerApplicationContext Root WebApplicationContext: initialization completed in 4334 ms
2021-02-16 20:58:07 febs-shiro INFO  main org.quartz.impl.StdSchedulerFactory Using default implementation for ThreadExecutor
2021-02-16 20:58:07 febs-shiro INFO  main org.quartz.core.SchedulerSignalerImpl Initialized Scheduler Signaller of type: class org.quartz.core.SchedulerSignalerImpl
2021-02-16 20:58:07 febs-shiro INFO  main org.quartz.core.QuartzScheduler Quartz Scheduler v.2.3.2 created.
2021-02-16 20:58:07 febs-shiro INFO  main org.springframework.scheduling.quartz.LocalDataSourceJobStore Using db table-based data access locking (synchronization).
2021-02-16 20:58:07 febs-shiro INFO  main org.springframework.scheduling.quartz.LocalDataSourceJobStore JobStoreCMT initialized.
2021-02-16 20:58:07 febs-shiro INFO  main org.quartz.core.QuartzScheduler Scheduler meta-data: Quartz Scheduler (v2.3.2) 'FEBS_Scheduler' with instanceId 'Tom-PC1613480287883'
  Scheduler class: 'org.quartz.core.QuartzScheduler' - running locally.
  NOT STARTED.
  Currently in standby mode.
  Number of jobs executed: 0
  Using thread pool 'org.quartz.simpl.SimpleThreadPool' - with 20 threads.
  Using job-store 'org.springframework.scheduling.quartz.LocalDataSourceJobStore' - which supports persistence. and is clustered.

2021-02-16 20:58:07 febs-shiro INFO  main org.quartz.impl.StdSchedulerFactory Quartz scheduler 'FEBS_Scheduler' initialized from an externally provided properties instance.
2021-02-16 20:58:07 febs-shiro INFO  main org.quartz.impl.StdSchedulerFactory Quartz scheduler version: 2.3.2
2021-02-16 20:58:07 febs-shiro INFO  main org.quartz.core.QuartzScheduler JobFactory set to: org.springframework.scheduling.quartz.AdaptableJobFactory@37f7ce20
2021-02-16 20:58:09 febs-shiro INFO  main org.springframework.boot.actuate.endpoint.web.EndpointLinksResolver Exposing 2 endpoint(s) beneath base path '/actuator'
2021-02-16 20:58:09 febs-shiro INFO  main org.springframework.scheduling.concurrent.ThreadPoolTaskExecutor Initializing ExecutorService
2021-02-16 20:58:09 febs-shiro INFO  main org.springframework.scheduling.concurrent.ThreadPoolTaskExecutor Initializing ExecutorService 'febsAsyncThreadPool'
2021-02-16 20:58:09 febs-shiro INFO  main org.springframework.scheduling.concurrent.ThreadPoolTaskExecutor Initializing ExecutorService
2021-02-16 20:58:09 febs-shiro INFO  main org.springframework.scheduling.concurrent.ThreadPoolTaskExecutor Initializing ExecutorService 'scheduleJobExecutorService'
2021-02-16 20:58:09 febs-shiro INFO  main org.springframework.scheduling.concurrent.ThreadPoolTaskExecutor Shutting down ExecutorService 'scheduleJobExecutorService'
2021-02-16 20:58:09 febs-shiro INFO  main org.springframework.scheduling.concurrent.ThreadPoolTaskExecutor Shutting down ExecutorService 'febsAsyncThreadPool'
2021-02-16 20:58:09 febs-shiro INFO  main org.springframework.scheduling.quartz.SchedulerFactoryBean Shutting down Quartz Scheduler
2021-02-16 20:58:09 febs-shiro INFO  main org.quartz.core.QuartzScheduler Scheduler FEBS_Scheduler_$_Tom-PC1613480287883 shutting down.
2021-02-16 20:58:09 febs-shiro INFO  main org.quartz.core.QuartzScheduler Scheduler FEBS_Scheduler_$_Tom-PC1613480287883 paused.
2021-02-16 20:58:09 febs-shiro INFO  main org.quartz.core.QuartzScheduler Scheduler FEBS_Scheduler_$_Tom-PC1613480287883 shutdown complete.
2021-02-16 20:58:09 febs-shiro INFO  main com.baomidou.dynamic.datasource.DynamicRoutingDataSource dynamic-datasource start closing ....
2021-02-16 20:58:09 febs-shiro INFO  main com.zaxxer.hikari.HikariDataSource quartz - Shutdown initiated...
2021-02-16 20:58:09 febs-shiro INFO  main com.zaxxer.hikari.HikariDataSource quartz - Shutdown completed.
2021-02-16 20:58:09 febs-shiro INFO  main com.zaxxer.hikari.HikariDataSource base - Shutdown initiated...
2021-02-16 20:58:09 febs-shiro INFO  main com.zaxxer.hikari.HikariDataSource base - Shutdown completed.
2021-02-16 20:58:09 febs-shiro INFO  main com.baomidou.dynamic.datasource.DynamicRoutingDataSource dynamic-datasource all closed success,bye
2021-02-16 20:58:09 febs-shiro INFO  main org.springframework.boot.autoconfigure.logging.ConditionEvaluationReportLoggingListener 

Error starting ApplicationContext. To display the conditions report re-run your application with 'debug' enabled.
2021-02-16 20:59:17 febs-shiro INFO  background-preinit org.hibernate.validator.internal.util.Version HV000001: Hibernate Validator 6.1.6.Final
2021-02-16 20:59:17 febs-shiro INFO  main cc.mrbird.febs.FebsShiroApplication Starting FebsShiroApplication using Java 11.0.6 on Tom-PC with PID 3412 (D:\work\saleGoods\target\classes started by Tom in D:\work\saleGoods)
2021-02-16 20:59:17 febs-shiro INFO  main cc.mrbird.febs.FebsShiroApplication The following profiles are active: dev
2021-02-16 20:59:18 febs-shiro INFO  main org.springframework.context.annotation.AutoProxyRegistrar AutoProxyRegistrar was imported but no annotations were found having both 'mode' and 'proxyTargetClass' attributes of type AdviceMode and boolean respectively. This means that auto proxy creator registration and configuration may not have occurred as intended, and components may not be proxied as expected. Check to ensure that AutoProxyRegistrar has been @Import'ed on the same class where these annotations are declared; otherwise remove the import of AutoProxyRegistrar altogether.
2021-02-16 20:59:18 febs-shiro INFO  main org.springframework.data.repository.config.RepositoryConfigurationDelegate Multiple Spring Data modules found, entering strict repository configuration mode!
2021-02-16 20:59:18 febs-shiro INFO  main org.springframework.data.repository.config.RepositoryConfigurationDelegate Bootstrapping Spring Data Redis repositories in DEFAULT mode.
2021-02-16 20:59:18 febs-shiro INFO  main org.springframework.data.repository.config.RepositoryConfigurationDelegate Finished Spring Data repository scanning in 52 ms. Found 0 Redis repository interfaces.
2021-02-16 20:59:19 febs-shiro INFO  main org.springframework.context.support.PostProcessorRegistrationDelegate$BeanPostProcessorChecker Bean 'spring.datasource.dynamic-com.baomidou.dynamic.datasource.spring.boot.autoconfigure.DynamicDataSourceProperties' of type [com.baomidou.dynamic.datasource.spring.boot.autoconfigure.DynamicDataSourceProperties] is not eligible for getting processed by all BeanPostProcessors (for example: not eligible for auto-proxying)
2021-02-16 20:59:19 febs-shiro INFO  main org.springframework.context.support.PostProcessorRegistrationDelegate$BeanPostProcessorChecker Bean 'com.baomidou.dynamic.datasource.spring.boot.autoconfigure.DynamicDataSourceAutoConfiguration' of type [com.baomidou.dynamic.datasource.spring.boot.autoconfigure.DynamicDataSourceAutoConfiguration$$EnhancerBySpringCGLIB$$45454a0] is not eligible for getting processed by all BeanPostProcessors (for example: not eligible for auto-proxying)
2021-02-16 20:59:19 febs-shiro INFO  main org.springframework.context.support.PostProcessorRegistrationDelegate$BeanPostProcessorChecker Bean 'dsProcessor' of type [com.baomidou.dynamic.datasource.processor.DsHeaderProcessor] is not eligible for getting processed by all BeanPostProcessors (for example: not eligible for auto-proxying)
2021-02-16 20:59:19 febs-shiro INFO  main org.springframework.context.support.PostProcessorRegistrationDelegate$BeanPostProcessorChecker Bean 'dynamicDatasourceAnnotationAdvisor' of type [com.baomidou.dynamic.datasource.aop.DynamicDataSourceAnnotationAdvisor] is not eligible for getting processed by all BeanPostProcessors (for example: not eligible for auto-proxying)
2021-02-16 20:59:19 febs-shiro INFO  main org.springframework.context.support.PostProcessorRegistrationDelegate$BeanPostProcessorChecker Bean 'febsProperties' of type [cc.mrbird.febs.common.properties.FebsProperties] is not eligible for getting processed by all BeanPostProcessors (for example: not eligible for auto-proxying)
2021-02-16 20:59:19 febs-shiro INFO  main org.springframework.context.support.PostProcessorRegistrationDelegate$BeanPostProcessorChecker Bean 'spring.redis-org.springframework.boot.autoconfigure.data.redis.RedisProperties' of type [org.springframework.boot.autoconfigure.data.redis.RedisProperties] is not eligible for getting processed by all BeanPostProcessors (for example: not eligible for auto-proxying)
2021-02-16 20:59:19 febs-shiro INFO  main org.springframework.context.support.PostProcessorRegistrationDelegate$BeanPostProcessorChecker Bean 'shiroConfig' of type [cc.mrbird.febs.common.authentication.ShiroConfig$$EnhancerBySpringCGLIB$$645e578] is not eligible for getting processed by all BeanPostProcessors (for example: not eligible for auto-proxying)
2021-02-16 20:59:19 febs-shiro INFO  main org.springframework.context.support.PostProcessorRegistrationDelegate$BeanPostProcessorChecker Bean 'cacheManager' of type [org.crazycake.shiro.RedisCacheManager] is not eligible for getting processed by all BeanPostProcessors (for example: not eligible for auto-proxying)
2021-02-16 20:59:19 febs-shiro INFO  main org.springframework.context.support.PostProcessorRegistrationDelegate$BeanPostProcessorChecker Bean 'redisSessionDAO' of type [org.crazycake.shiro.RedisSessionDAO] is not eligible for getting processed by all BeanPostProcessors (for example: not eligible for auto-proxying)
2021-02-16 20:59:19 febs-shiro INFO  main org.springframework.context.support.PostProcessorRegistrationDelegate$BeanPostProcessorChecker Bean 'sessionServiceImpl' of type [cc.mrbird.febs.monitor.service.impl.SessionServiceImpl] is not eligible for getting processed by all BeanPostProcessors (for example: not eligible for auto-proxying)
2021-02-16 20:59:19 febs-shiro INFO  main org.springframework.context.support.PostProcessorRegistrationDelegate$BeanPostProcessorChecker Bean 'redisConfigure' of type [cc.mrbird.febs.common.configure.RedisConfigure$$EnhancerBySpringCGLIB$$b1e1dce] is not eligible for getting processed by all BeanPostProcessors (for example: not eligible for auto-proxying)
2021-02-16 20:59:19 febs-shiro INFO  main org.springframework.context.support.PostProcessorRegistrationDelegate$BeanPostProcessorChecker Bean 'org.springframework.boot.autoconfigure.data.redis.LettuceConnectionConfiguration' of type [org.springframework.boot.autoconfigure.data.redis.LettuceConnectionConfiguration] is not eligible for getting processed by all BeanPostProcessors (for example: not eligible for auto-proxying)
2021-02-16 20:59:19 febs-shiro INFO  main org.springframework.context.support.PostProcessorRegistrationDelegate$BeanPostProcessorChecker Bean 'lettuceClientResources' of type [io.lettuce.core.resource.DefaultClientResources] is not eligible for getting processed by all BeanPostProcessors (for example: not eligible for auto-proxying)
2021-02-16 20:59:19 febs-shiro INFO  main org.springframework.context.support.PostProcessorRegistrationDelegate$BeanPostProcessorChecker Bean 'redisConnectionFactory' of type [org.springframework.data.redis.connection.lettuce.LettuceConnectionFactory] is not eligible for getting processed by all BeanPostProcessors (for example: not eligible for auto-proxying)
2021-02-16 20:59:19 febs-shiro INFO  main org.springframework.context.support.PostProcessorRegistrationDelegate$BeanPostProcessorChecker Bean 'redisTemplate' of type [org.springframework.data.redis.core.RedisTemplate] is not eligible for getting processed by all BeanPostProcessors (for example: not eligible for auto-proxying)
2021-02-16 20:59:19 febs-shiro INFO  main org.springframework.context.support.PostProcessorRegistrationDelegate$BeanPostProcessorChecker Bean 'redisService' of type [cc.mrbird.febs.common.service.RedisService] is not eligible for getting processed by all BeanPostProcessors (for example: not eligible for auto-proxying)
2021-02-16 20:59:19 febs-shiro INFO  main org.springframework.context.support.PostProcessorRegistrationDelegate$BeanPostProcessorChecker Bean 'shiroLogoutService' of type [cc.mrbird.febs.common.authentication.ShiroLogoutService] is not eligible for getting processed by all BeanPostProcessors (for example: not eligible for auto-proxying)
2021-02-16 20:59:19 febs-shiro INFO  main org.springframework.context.support.PostProcessorRegistrationDelegate$BeanPostProcessorChecker Bean 'mybatis-plus-com.baomidou.mybatisplus.autoconfigure.MybatisPlusProperties' of type [com.baomidou.mybatisplus.autoconfigure.MybatisPlusProperties] is not eligible for getting processed by all BeanPostProcessors (for example: not eligible for auto-proxying)
2021-02-16 20:59:19 febs-shiro INFO  main org.springframework.context.support.PostProcessorRegistrationDelegate$BeanPostProcessorChecker Bean 'mybatisPlusConfigure' of type [cc.mrbird.febs.common.configure.MybatisPlusConfigure$$EnhancerBySpringCGLIB$$22389fc] is not eligible for getting processed by all BeanPostProcessors (for example: not eligible for auto-proxying)
2021-02-16 20:59:19 febs-shiro INFO  main org.springframework.context.support.PostProcessorRegistrationDelegate$BeanPostProcessorChecker Bean 'dataPermissionInterceptor' of type [cc.mrbird.febs.common.interceptor.DataPermissionInterceptor] is not eligible for getting processed by all BeanPostProcessors (for example: not eligible for auto-proxying)
2021-02-16 20:59:19 febs-shiro INFO  main org.springframework.context.support.PostProcessorRegistrationDelegate$BeanPostProcessorChecker Bean 'desensitizationInterceptor' of type [cc.mrbird.febs.common.interceptor.DesensitizationInterceptor] is not eligible for getting processed by all BeanPostProcessors (for example: not eligible for auto-proxying)
2021-02-16 20:59:19 febs-shiro INFO  main org.springframework.context.support.PostProcessorRegistrationDelegate$BeanPostProcessorChecker Bean 'paginationInterceptor' of type [com.baomidou.mybatisplus.extension.plugins.PaginationInterceptor] is not eligible for getting processed by all BeanPostProcessors (for example: not eligible for auto-proxying)
2021-02-16 20:59:19 febs-shiro INFO  main org.springframework.context.support.PostProcessorRegistrationDelegate$BeanPostProcessorChecker Bean 'com.baomidou.mybatisplus.autoconfigure.MybatisPlusAutoConfiguration' of type [com.baomidou.mybatisplus.autoconfigure.MybatisPlusAutoConfiguration$$EnhancerBySpringCGLIB$$d88e5069] is not eligible for getting processed by all BeanPostProcessors (for example: not eligible for auto-proxying)
2021-02-16 20:59:19 febs-shiro INFO  main org.springframework.context.support.PostProcessorRegistrationDelegate$BeanPostProcessorChecker Bean 'dataSourceCreator' of type [com.baomidou.dynamic.datasource.creator.DataSourceCreator] is not eligible for getting processed by all BeanPostProcessors (for example: not eligible for auto-proxying)
2021-02-16 20:59:19 febs-shiro INFO  main org.springframework.context.support.PostProcessorRegistrationDelegate$BeanPostProcessorChecker Bean 'dynamicDataSourceProvider' of type [com.baomidou.dynamic.datasource.provider.YmlDynamicDataSourceProvider] is not eligible for getting processed by all BeanPostProcessors (for example: not eligible for auto-proxying)
2021-02-16 20:59:19 febs-shiro INFO  main com.zaxxer.hikari.HikariDataSource base - Starting...
2021-02-16 20:59:20 febs-shiro INFO  main com.zaxxer.hikari.HikariDataSource base - Start completed.
2021-02-16 20:59:20 febs-shiro INFO  main com.zaxxer.hikari.HikariDataSource quartz - Starting...
2021-02-16 20:59:20 febs-shiro INFO  main com.zaxxer.hikari.HikariDataSource quartz - Start completed.
2021-02-16 20:59:20 febs-shiro INFO  main com.baomidou.dynamic.datasource.DynamicRoutingDataSource dynamic-datasource - load a datasource named [quartz] success
2021-02-16 20:59:20 febs-shiro INFO  main com.baomidou.dynamic.datasource.DynamicRoutingDataSource dynamic-datasource - load a datasource named [base] success
2021-02-16 20:59:20 febs-shiro INFO  main com.baomidou.dynamic.datasource.DynamicRoutingDataSource dynamic-datasource initial loaded [2] datasource,primary datasource named [base]
2021-02-16 20:59:20 febs-shiro INFO  main org.springframework.context.support.PostProcessorRegistrationDelegate$BeanPostProcessorChecker Bean 'dataSource' of type [com.baomidou.dynamic.datasource.DynamicRoutingDataSource] is not eligible for getting processed by all BeanPostProcessors (for example: not eligible for auto-proxying)
2021-02-16 20:59:20 febs-shiro INFO  main org.springframework.context.support.PostProcessorRegistrationDelegate$BeanPostProcessorChecker Bean 'spring.datasource-org.springframework.boot.autoconfigure.jdbc.DataSourceProperties' of type [org.springframework.boot.autoconfigure.jdbc.DataSourceProperties] is not eligible for getting processed by all BeanPostProcessors (for example: not eligible for auto-proxying)
2021-02-16 20:59:20 febs-shiro INFO  main org.springframework.context.support.PostProcessorRegistrationDelegate$BeanPostProcessorChecker Bean 'org.springframework.boot.autoconfigure.jdbc.DataSourceInitializerInvoker' of type [org.springframework.boot.autoconfigure.jdbc.DataSourceInitializerInvoker] is not eligible for getting processed by all BeanPostProcessors (for example: not eligible for auto-proxying)
2021-02-16 20:59:20 febs-shiro INFO  main org.springframework.context.support.PostProcessorRegistrationDelegate$BeanPostProcessorChecker Bean 'sqlSessionFactory' of type [org.apache.ibatis.session.defaults.DefaultSqlSessionFactory] is not eligible for getting processed by all BeanPostProcessors (for example: not eligible for auto-proxying)
2021-02-16 20:59:20 febs-shiro INFO  main org.springframework.context.support.PostProcessorRegistrationDelegate$BeanPostProcessorChecker Bean 'sqlSessionTemplate' of type [org.mybatis.spring.SqlSessionTemplate] is not eligible for getting processed by all BeanPostProcessors (for example: not eligible for auto-proxying)
2021-02-16 20:59:21 febs-shiro INFO  main org.springframework.context.support.PostProcessorRegistrationDelegate$BeanPostProcessorChecker Bean 'userDataPermissionMapper' of type [org.mybatis.spring.mapper.MapperFactoryBean] is not eligible for getting processed by all BeanPostProcessors (for example: not eligible for auto-proxying)
2021-02-16 20:59:21 febs-shiro INFO  main org.springframework.context.support.PostProcessorRegistrationDelegate$BeanPostProcessorChecker Bean 'userDataPermissionMapper' of type [com.sun.proxy.$Proxy125] is not eligible for getting processed by all BeanPostProcessors (for example: not eligible for auto-proxying)
2021-02-16 20:59:21 febs-shiro INFO  main org.springframework.context.support.PostProcessorRegistrationDelegate$BeanPostProcessorChecker Bean 'userDataPermissionService' of type [cc.mrbird.febs.system.service.impl.UserDataPermissionServiceImpl] is not eligible for getting processed by all BeanPostProcessors (for example: not eligible for auto-proxying)
2021-02-16 20:59:21 febs-shiro INFO  main org.springframework.context.support.PostProcessorRegistrationDelegate$BeanPostProcessorChecker Bean 'shiroRealm' of type [cc.mrbird.febs.common.authentication.ShiroRealm] is not eligible for getting processed by all BeanPostProcessors (for example: not eligible for auto-proxying)
2021-02-16 20:59:21 febs-shiro INFO  main org.springframework.context.support.PostProcessorRegistrationDelegate$BeanPostProcessorChecker Bean 'sessionManager' of type [org.apache.shiro.web.session.mgt.DefaultWebSessionManager] is not eligible for getting processed by all BeanPostProcessors (for example: not eligible for auto-proxying)
2021-02-16 20:59:21 febs-shiro INFO  main org.springframework.context.support.PostProcessorRegistrationDelegate$BeanPostProcessorChecker Bean 'securityManager' of type [org.apache.shiro.web.mgt.DefaultWebSecurityManager] is not eligible for getting processed by all BeanPostProcessors (for example: not eligible for auto-proxying)
2021-02-16 20:59:21 febs-shiro INFO  main org.springframework.context.support.PostProcessorRegistrationDelegate$BeanPostProcessorChecker Bean 'authorizationAttributeSourceAdvisor' of type [org.apache.shiro.spring.security.interceptor.AuthorizationAttributeSourceAdvisor] is not eligible for getting processed by all BeanPostProcessors (for example: not eligible for auto-proxying)
2021-02-16 20:59:21 febs-shiro INFO  main io.undertow.servlet Initializing Spring embedded WebApplicationContext
2021-02-16 20:59:21 febs-shiro INFO  main org.springframework.boot.web.servlet.context.ServletWebServerApplicationContext Root WebApplicationContext: initialization completed in 4250 ms
2021-02-16 20:59:22 febs-shiro INFO  main org.quartz.impl.StdSchedulerFactory Using default implementation for ThreadExecutor
2021-02-16 20:59:22 febs-shiro INFO  main org.quartz.core.SchedulerSignalerImpl Initialized Scheduler Signaller of type: class org.quartz.core.SchedulerSignalerImpl
2021-02-16 20:59:22 febs-shiro INFO  main org.quartz.core.QuartzScheduler Quartz Scheduler v.2.3.2 created.
2021-02-16 20:59:22 febs-shiro INFO  main org.springframework.scheduling.quartz.LocalDataSourceJobStore Using db table-based data access locking (synchronization).
2021-02-16 20:59:22 febs-shiro INFO  main org.springframework.scheduling.quartz.LocalDataSourceJobStore JobStoreCMT initialized.
2021-02-16 20:59:22 febs-shiro INFO  main org.quartz.core.QuartzScheduler Scheduler meta-data: Quartz Scheduler (v2.3.2) 'FEBS_Scheduler' with instanceId 'Tom-PC1613480362265'
  Scheduler class: 'org.quartz.core.QuartzScheduler' - running locally.
  NOT STARTED.
  Currently in standby mode.
  Number of jobs executed: 0
  Using thread pool 'org.quartz.simpl.SimpleThreadPool' - with 20 threads.
  Using job-store 'org.springframework.scheduling.quartz.LocalDataSourceJobStore' - which supports persistence. and is clustered.

2021-02-16 20:59:22 febs-shiro INFO  main org.quartz.impl.StdSchedulerFactory Quartz scheduler 'FEBS_Scheduler' initialized from an externally provided properties instance.
2021-02-16 20:59:22 febs-shiro INFO  main org.quartz.impl.StdSchedulerFactory Quartz scheduler version: 2.3.2
2021-02-16 20:59:22 febs-shiro INFO  main org.quartz.core.QuartzScheduler JobFactory set to: org.springframework.scheduling.quartz.AdaptableJobFactory@c931728
2021-02-16 20:59:23 febs-shiro INFO  main org.springframework.boot.actuate.endpoint.web.EndpointLinksResolver Exposing 2 endpoint(s) beneath base path '/actuator'
2021-02-16 20:59:24 febs-shiro INFO  main org.springframework.scheduling.concurrent.ThreadPoolTaskExecutor Initializing ExecutorService
2021-02-16 20:59:24 febs-shiro INFO  main org.springframework.scheduling.concurrent.ThreadPoolTaskExecutor Initializing ExecutorService 'febsAsyncThreadPool'
2021-02-16 20:59:24 febs-shiro INFO  main org.springframework.scheduling.concurrent.ThreadPoolTaskExecutor Initializing ExecutorService
2021-02-16 20:59:24 febs-shiro INFO  main org.springframework.scheduling.concurrent.ThreadPoolTaskExecutor Initializing ExecutorService 'scheduleJobExecutorService'
2021-02-16 20:59:24 febs-shiro INFO  main org.springframework.scheduling.concurrent.ThreadPoolTaskExecutor Shutting down ExecutorService 'scheduleJobExecutorService'
2021-02-16 20:59:24 febs-shiro INFO  main org.springframework.scheduling.concurrent.ThreadPoolTaskExecutor Shutting down ExecutorService 'febsAsyncThreadPool'
2021-02-16 20:59:24 febs-shiro INFO  main org.springframework.scheduling.quartz.SchedulerFactoryBean Shutting down Quartz Scheduler
2021-02-16 20:59:24 febs-shiro INFO  main org.quartz.core.QuartzScheduler Scheduler FEBS_Scheduler_$_Tom-PC1613480362265 shutting down.
2021-02-16 20:59:24 febs-shiro INFO  main org.quartz.core.QuartzScheduler Scheduler FEBS_Scheduler_$_Tom-PC1613480362265 paused.
2021-02-16 20:59:24 febs-shiro INFO  main org.quartz.core.QuartzScheduler Scheduler FEBS_Scheduler_$_Tom-PC1613480362265 shutdown complete.
2021-02-16 20:59:24 febs-shiro INFO  main com.baomidou.dynamic.datasource.DynamicRoutingDataSource dynamic-datasource start closing ....
2021-02-16 20:59:24 febs-shiro INFO  main com.zaxxer.hikari.HikariDataSource quartz - Shutdown initiated...
2021-02-16 20:59:24 febs-shiro INFO  main com.zaxxer.hikari.HikariDataSource quartz - Shutdown completed.
2021-02-16 20:59:24 febs-shiro INFO  main com.zaxxer.hikari.HikariDataSource base - Shutdown initiated...
2021-02-16 20:59:24 febs-shiro INFO  main com.zaxxer.hikari.HikariDataSource base - Shutdown completed.
2021-02-16 20:59:24 febs-shiro INFO  main com.baomidou.dynamic.datasource.DynamicRoutingDataSource dynamic-datasource all closed success,bye
2021-02-16 20:59:24 febs-shiro INFO  main org.springframework.boot.autoconfigure.logging.ConditionEvaluationReportLoggingListener 

Error starting ApplicationContext. To display the conditions report re-run your application with 'debug' enabled.
2021-02-16 21:03:53 febs-shiro INFO  background-preinit org.hibernate.validator.internal.util.Version HV000001: Hibernate Validator 6.1.6.Final
2021-02-16 21:03:53 febs-shiro INFO  main cc.mrbird.febs.FebsShiroApplication Starting FebsShiroApplication using Java 11.0.6 on Tom-PC with PID 9352 (D:\work\saleGoods\target\classes started by Tom in D:\work\saleGoods)
2021-02-16 21:03:53 febs-shiro INFO  main cc.mrbird.febs.FebsShiroApplication The following profiles are active: dev
2021-02-16 21:03:55 febs-shiro INFO  main org.springframework.context.annotation.AutoProxyRegistrar AutoProxyRegistrar was imported but no annotations were found having both 'mode' and 'proxyTargetClass' attributes of type AdviceMode and boolean respectively. This means that auto proxy creator registration and configuration may not have occurred as intended, and components may not be proxied as expected. Check to ensure that AutoProxyRegistrar has been @Import'ed on the same class where these annotations are declared; otherwise remove the import of AutoProxyRegistrar altogether.
2021-02-16 21:03:55 febs-shiro INFO  main org.springframework.data.repository.config.RepositoryConfigurationDelegate Multiple Spring Data modules found, entering strict repository configuration mode!
2021-02-16 21:03:55 febs-shiro INFO  main org.springframework.data.repository.config.RepositoryConfigurationDelegate Bootstrapping Spring Data Redis repositories in DEFAULT mode.
2021-02-16 21:03:55 febs-shiro INFO  main org.springframework.data.repository.config.RepositoryConfigurationDelegate Finished Spring Data repository scanning in 58 ms. Found 0 Redis repository interfaces.
2021-02-16 21:03:56 febs-shiro INFO  main org.springframework.context.support.PostProcessorRegistrationDelegate$BeanPostProcessorChecker Bean 'spring.datasource.dynamic-com.baomidou.dynamic.datasource.spring.boot.autoconfigure.DynamicDataSourceProperties' of type [com.baomidou.dynamic.datasource.spring.boot.autoconfigure.DynamicDataSourceProperties] is not eligible for getting processed by all BeanPostProcessors (for example: not eligible for auto-proxying)
2021-02-16 21:03:56 febs-shiro INFO  main org.springframework.context.support.PostProcessorRegistrationDelegate$BeanPostProcessorChecker Bean 'com.baomidou.dynamic.datasource.spring.boot.autoconfigure.DynamicDataSourceAutoConfiguration' of type [com.baomidou.dynamic.datasource.spring.boot.autoconfigure.DynamicDataSourceAutoConfiguration$$EnhancerBySpringCGLIB$$6ead3f90] is not eligible for getting processed by all BeanPostProcessors (for example: not eligible for auto-proxying)
2021-02-16 21:03:56 febs-shiro INFO  main org.springframework.context.support.PostProcessorRegistrationDelegate$BeanPostProcessorChecker Bean 'dsProcessor' of type [com.baomidou.dynamic.datasource.processor.DsHeaderProcessor] is not eligible for getting processed by all BeanPostProcessors (for example: not eligible for auto-proxying)
2021-02-16 21:03:56 febs-shiro INFO  main org.springframework.context.support.PostProcessorRegistrationDelegate$BeanPostProcessorChecker Bean 'dynamicDatasourceAnnotationAdvisor' of type [com.baomidou.dynamic.datasource.aop.DynamicDataSourceAnnotationAdvisor] is not eligible for getting processed by all BeanPostProcessors (for example: not eligible for auto-proxying)
2021-02-16 21:03:56 febs-shiro INFO  main org.springframework.context.support.PostProcessorRegistrationDelegate$BeanPostProcessorChecker Bean 'febsProperties' of type [cc.mrbird.febs.common.properties.FebsProperties] is not eligible for getting processed by all BeanPostProcessors (for example: not eligible for auto-proxying)
2021-02-16 21:03:56 febs-shiro INFO  main org.springframework.context.support.PostProcessorRegistrationDelegate$BeanPostProcessorChecker Bean 'spring.redis-org.springframework.boot.autoconfigure.data.redis.RedisProperties' of type [org.springframework.boot.autoconfigure.data.redis.RedisProperties] is not eligible for getting processed by all BeanPostProcessors (for example: not eligible for auto-proxying)
2021-02-16 21:03:56 febs-shiro INFO  main org.springframework.context.support.PostProcessorRegistrationDelegate$BeanPostProcessorChecker Bean 'shiroConfig' of type [cc.mrbird.febs.common.authentication.ShiroConfig$$EnhancerBySpringCGLIB$$709ed068] is not eligible for getting processed by all BeanPostProcessors (for example: not eligible for auto-proxying)
2021-02-16 21:03:56 febs-shiro INFO  main org.springframework.context.support.PostProcessorRegistrationDelegate$BeanPostProcessorChecker Bean 'cacheManager' of type [org.crazycake.shiro.RedisCacheManager] is not eligible for getting processed by all BeanPostProcessors (for example: not eligible for auto-proxying)
2021-02-16 21:03:56 febs-shiro INFO  main org.springframework.context.support.PostProcessorRegistrationDelegate$BeanPostProcessorChecker Bean 'redisSessionDAO' of type [org.crazycake.shiro.RedisSessionDAO] is not eligible for getting processed by all BeanPostProcessors (for example: not eligible for auto-proxying)
2021-02-16 21:03:56 febs-shiro INFO  main org.springframework.context.support.PostProcessorRegistrationDelegate$BeanPostProcessorChecker Bean 'sessionServiceImpl' of type [cc.mrbird.febs.monitor.service.impl.SessionServiceImpl] is not eligible for getting processed by all BeanPostProcessors (for example: not eligible for auto-proxying)
2021-02-16 21:03:56 febs-shiro INFO  main org.springframework.context.support.PostProcessorRegistrationDelegate$BeanPostProcessorChecker Bean 'redisConfigure' of type [cc.mrbird.febs.common.configure.RedisConfigure$$EnhancerBySpringCGLIB$$757708be] is not eligible for getting processed by all BeanPostProcessors (for example: not eligible for auto-proxying)
2021-02-16 21:03:56 febs-shiro INFO  main org.springframework.context.support.PostProcessorRegistrationDelegate$BeanPostProcessorChecker Bean 'org.springframework.boot.autoconfigure.data.redis.LettuceConnectionConfiguration' of type [org.springframework.boot.autoconfigure.data.redis.LettuceConnectionConfiguration] is not eligible for getting processed by all BeanPostProcessors (for example: not eligible for auto-proxying)
2021-02-16 21:03:56 febs-shiro INFO  main org.springframework.context.support.PostProcessorRegistrationDelegate$BeanPostProcessorChecker Bean 'lettuceClientResources' of type [io.lettuce.core.resource.DefaultClientResources] is not eligible for getting processed by all BeanPostProcessors (for example: not eligible for auto-proxying)
2021-02-16 21:03:56 febs-shiro INFO  main org.springframework.context.support.PostProcessorRegistrationDelegate$BeanPostProcessorChecker Bean 'redisConnectionFactory' of type [org.springframework.data.redis.connection.lettuce.LettuceConnectionFactory] is not eligible for getting processed by all BeanPostProcessors (for example: not eligible for auto-proxying)
2021-02-16 21:03:56 febs-shiro INFO  main org.springframework.context.support.PostProcessorRegistrationDelegate$BeanPostProcessorChecker Bean 'redisTemplate' of type [org.springframework.data.redis.core.RedisTemplate] is not eligible for getting processed by all BeanPostProcessors (for example: not eligible for auto-proxying)
2021-02-16 21:03:56 febs-shiro INFO  main org.springframework.context.support.PostProcessorRegistrationDelegate$BeanPostProcessorChecker Bean 'redisService' of type [cc.mrbird.febs.common.service.RedisService] is not eligible for getting processed by all BeanPostProcessors (for example: not eligible for auto-proxying)
2021-02-16 21:03:56 febs-shiro INFO  main org.springframework.context.support.PostProcessorRegistrationDelegate$BeanPostProcessorChecker Bean 'shiroLogoutService' of type [cc.mrbird.febs.common.authentication.ShiroLogoutService] is not eligible for getting processed by all BeanPostProcessors (for example: not eligible for auto-proxying)
2021-02-16 21:03:56 febs-shiro INFO  main org.springframework.context.support.PostProcessorRegistrationDelegate$BeanPostProcessorChecker Bean 'mybatis-plus-com.baomidou.mybatisplus.autoconfigure.MybatisPlusProperties' of type [com.baomidou.mybatisplus.autoconfigure.MybatisPlusProperties] is not eligible for getting processed by all BeanPostProcessors (for example: not eligible for auto-proxying)
2021-02-16 21:03:56 febs-shiro INFO  main org.springframework.context.support.PostProcessorRegistrationDelegate$BeanPostProcessorChecker Bean 'mybatisPlusConfigure' of type [cc.mrbird.febs.common.configure.MybatisPlusConfigure$$EnhancerBySpringCGLIB$$6c7c74ec] is not eligible for getting processed by all BeanPostProcessors (for example: not eligible for auto-proxying)
2021-02-16 21:03:56 febs-shiro INFO  main org.springframework.context.support.PostProcessorRegistrationDelegate$BeanPostProcessorChecker Bean 'dataPermissionInterceptor' of type [cc.mrbird.febs.common.interceptor.DataPermissionInterceptor] is not eligible for getting processed by all BeanPostProcessors (for example: not eligible for auto-proxying)
2021-02-16 21:03:56 febs-shiro INFO  main org.springframework.context.support.PostProcessorRegistrationDelegate$BeanPostProcessorChecker Bean 'desensitizationInterceptor' of type [cc.mrbird.febs.common.interceptor.DesensitizationInterceptor] is not eligible for getting processed by all BeanPostProcessors (for example: not eligible for auto-proxying)
2021-02-16 21:03:56 febs-shiro INFO  main org.springframework.context.support.PostProcessorRegistrationDelegate$BeanPostProcessorChecker Bean 'paginationInterceptor' of type [com.baomidou.mybatisplus.extension.plugins.PaginationInterceptor] is not eligible for getting processed by all BeanPostProcessors (for example: not eligible for auto-proxying)
2021-02-16 21:03:56 febs-shiro INFO  main org.springframework.context.support.PostProcessorRegistrationDelegate$BeanPostProcessorChecker Bean 'com.baomidou.mybatisplus.autoconfigure.MybatisPlusAutoConfiguration' of type [com.baomidou.mybatisplus.autoconfigure.MybatisPlusAutoConfiguration$$EnhancerBySpringCGLIB$$42e73b59] is not eligible for getting processed by all BeanPostProcessors (for example: not eligible for auto-proxying)
2021-02-16 21:03:56 febs-shiro INFO  main org.springframework.context.support.PostProcessorRegistrationDelegate$BeanPostProcessorChecker Bean 'dataSourceCreator' of type [com.baomidou.dynamic.datasource.creator.DataSourceCreator] is not eligible for getting processed by all BeanPostProcessors (for example: not eligible for auto-proxying)
2021-02-16 21:03:56 febs-shiro INFO  main org.springframework.context.support.PostProcessorRegistrationDelegate$BeanPostProcessorChecker Bean 'dynamicDataSourceProvider' of type [com.baomidou.dynamic.datasource.provider.YmlDynamicDataSourceProvider] is not eligible for getting processed by all BeanPostProcessors (for example: not eligible for auto-proxying)
2021-02-16 21:03:56 febs-shiro INFO  main com.zaxxer.hikari.HikariDataSource base - Starting...
2021-02-16 21:03:56 febs-shiro INFO  main com.zaxxer.hikari.HikariDataSource base - Start completed.
2021-02-16 21:03:56 febs-shiro INFO  main com.zaxxer.hikari.HikariDataSource quartz - Starting...
2021-02-16 21:03:56 febs-shiro INFO  main com.zaxxer.hikari.HikariDataSource quartz - Start completed.
2021-02-16 21:03:56 febs-shiro INFO  main com.baomidou.dynamic.datasource.DynamicRoutingDataSource dynamic-datasource - load a datasource named [quartz] success
2021-02-16 21:03:56 febs-shiro INFO  main com.baomidou.dynamic.datasource.DynamicRoutingDataSource dynamic-datasource - load a datasource named [base] success
2021-02-16 21:03:56 febs-shiro INFO  main com.baomidou.dynamic.datasource.DynamicRoutingDataSource dynamic-datasource initial loaded [2] datasource,primary datasource named [base]
2021-02-16 21:03:56 febs-shiro INFO  main org.springframework.context.support.PostProcessorRegistrationDelegate$BeanPostProcessorChecker Bean 'dataSource' of type [com.baomidou.dynamic.datasource.DynamicRoutingDataSource] is not eligible for getting processed by all BeanPostProcessors (for example: not eligible for auto-proxying)
2021-02-16 21:03:56 febs-shiro INFO  main org.springframework.context.support.PostProcessorRegistrationDelegate$BeanPostProcessorChecker Bean 'spring.datasource-org.springframework.boot.autoconfigure.jdbc.DataSourceProperties' of type [org.springframework.boot.autoconfigure.jdbc.DataSourceProperties] is not eligible for getting processed by all BeanPostProcessors (for example: not eligible for auto-proxying)
2021-02-16 21:03:56 febs-shiro INFO  main org.springframework.context.support.PostProcessorRegistrationDelegate$BeanPostProcessorChecker Bean 'org.springframework.boot.autoconfigure.jdbc.DataSourceInitializerInvoker' of type [org.springframework.boot.autoconfigure.jdbc.DataSourceInitializerInvoker] is not eligible for getting processed by all BeanPostProcessors (for example: not eligible for auto-proxying)
2021-02-16 21:03:57 febs-shiro INFO  main org.springframework.context.support.PostProcessorRegistrationDelegate$BeanPostProcessorChecker Bean 'sqlSessionFactory' of type [org.apache.ibatis.session.defaults.DefaultSqlSessionFactory] is not eligible for getting processed by all BeanPostProcessors (for example: not eligible for auto-proxying)
2021-02-16 21:03:57 febs-shiro INFO  main org.springframework.context.support.PostProcessorRegistrationDelegate$BeanPostProcessorChecker Bean 'sqlSessionTemplate' of type [org.mybatis.spring.SqlSessionTemplate] is not eligible for getting processed by all BeanPostProcessors (for example: not eligible for auto-proxying)
2021-02-16 21:03:57 febs-shiro INFO  main org.springframework.context.support.PostProcessorRegistrationDelegate$BeanPostProcessorChecker Bean 'userDataPermissionMapper' of type [org.mybatis.spring.mapper.MapperFactoryBean] is not eligible for getting processed by all BeanPostProcessors (for example: not eligible for auto-proxying)
2021-02-16 21:03:57 febs-shiro INFO  main org.springframework.context.support.PostProcessorRegistrationDelegate$BeanPostProcessorChecker Bean 'userDataPermissionMapper' of type [com.sun.proxy.$Proxy125] is not eligible for getting processed by all BeanPostProcessors (for example: not eligible for auto-proxying)
2021-02-16 21:03:57 febs-shiro INFO  main org.springframework.context.support.PostProcessorRegistrationDelegate$BeanPostProcessorChecker Bean 'userDataPermissionService' of type [cc.mrbird.febs.system.service.impl.UserDataPermissionServiceImpl] is not eligible for getting processed by all BeanPostProcessors (for example: not eligible for auto-proxying)
2021-02-16 21:03:57 febs-shiro INFO  main org.springframework.context.support.PostProcessorRegistrationDelegate$BeanPostProcessorChecker Bean 'shiroRealm' of type [cc.mrbird.febs.common.authentication.ShiroRealm] is not eligible for getting processed by all BeanPostProcessors (for example: not eligible for auto-proxying)
2021-02-16 21:03:58 febs-shiro INFO  main org.springframework.context.support.PostProcessorRegistrationDelegate$BeanPostProcessorChecker Bean 'sessionManager' of type [org.apache.shiro.web.session.mgt.DefaultWebSessionManager] is not eligible for getting processed by all BeanPostProcessors (for example: not eligible for auto-proxying)
2021-02-16 21:03:58 febs-shiro INFO  main org.springframework.context.support.PostProcessorRegistrationDelegate$BeanPostProcessorChecker Bean 'securityManager' of type [org.apache.shiro.web.mgt.DefaultWebSecurityManager] is not eligible for getting processed by all BeanPostProcessors (for example: not eligible for auto-proxying)
2021-02-16 21:03:58 febs-shiro INFO  main org.springframework.context.support.PostProcessorRegistrationDelegate$BeanPostProcessorChecker Bean 'authorizationAttributeSourceAdvisor' of type [org.apache.shiro.spring.security.interceptor.AuthorizationAttributeSourceAdvisor] is not eligible for getting processed by all BeanPostProcessors (for example: not eligible for auto-proxying)
2021-02-16 21:03:58 febs-shiro INFO  main io.undertow.servlet Initializing Spring embedded WebApplicationContext
2021-02-16 21:03:58 febs-shiro INFO  main org.springframework.boot.web.servlet.context.ServletWebServerApplicationContext Root WebApplicationContext: initialization completed in 4597 ms
2021-02-16 21:03:59 febs-shiro INFO  main org.quartz.impl.StdSchedulerFactory Using default implementation for ThreadExecutor
2021-02-16 21:03:59 febs-shiro INFO  main org.quartz.core.SchedulerSignalerImpl Initialized Scheduler Signaller of type: class org.quartz.core.SchedulerSignalerImpl
2021-02-16 21:03:59 febs-shiro INFO  main org.quartz.core.QuartzScheduler Quartz Scheduler v.2.3.2 created.
2021-02-16 21:03:59 febs-shiro INFO  main org.springframework.scheduling.quartz.LocalDataSourceJobStore Using db table-based data access locking (synchronization).
2021-02-16 21:03:59 febs-shiro INFO  main org.springframework.scheduling.quartz.LocalDataSourceJobStore JobStoreCMT initialized.
2021-02-16 21:03:59 febs-shiro INFO  main org.quartz.core.QuartzScheduler Scheduler meta-data: Quartz Scheduler (v2.3.2) 'FEBS_Scheduler' with instanceId 'Tom-PC1613480639235'
  Scheduler class: 'org.quartz.core.QuartzScheduler' - running locally.
  NOT STARTED.
  Currently in standby mode.
  Number of jobs executed: 0
  Using thread pool 'org.quartz.simpl.SimpleThreadPool' - with 20 threads.
  Using job-store 'org.springframework.scheduling.quartz.LocalDataSourceJobStore' - which supports persistence. and is clustered.

2021-02-16 21:03:59 febs-shiro INFO  main org.quartz.impl.StdSchedulerFactory Quartz scheduler 'FEBS_Scheduler' initialized from an externally provided properties instance.
2021-02-16 21:03:59 febs-shiro INFO  main org.quartz.impl.StdSchedulerFactory Quartz scheduler version: 2.3.2
2021-02-16 21:03:59 febs-shiro INFO  main org.quartz.core.QuartzScheduler JobFactory set to: org.springframework.scheduling.quartz.AdaptableJobFactory@5bed0ff4
2021-02-16 21:04:00 febs-shiro INFO  main org.springframework.boot.actuate.endpoint.web.EndpointLinksResolver Exposing 2 endpoint(s) beneath base path '/actuator'
2021-02-16 21:04:01 febs-shiro INFO  main org.springframework.scheduling.concurrent.ThreadPoolTaskExecutor Initializing ExecutorService
2021-02-16 21:04:01 febs-shiro INFO  main org.springframework.scheduling.concurrent.ThreadPoolTaskExecutor Initializing ExecutorService 'febsAsyncThreadPool'
2021-02-16 21:04:01 febs-shiro INFO  main org.springframework.scheduling.concurrent.ThreadPoolTaskExecutor Initializing ExecutorService
2021-02-16 21:04:01 febs-shiro INFO  main org.springframework.scheduling.concurrent.ThreadPoolTaskExecutor Initializing ExecutorService 'scheduleJobExecutorService'
2021-02-16 21:04:01 febs-shiro INFO  main org.springframework.scheduling.concurrent.ThreadPoolTaskExecutor Shutting down ExecutorService 'scheduleJobExecutorService'
2021-02-16 21:04:01 febs-shiro INFO  main org.springframework.scheduling.concurrent.ThreadPoolTaskExecutor Shutting down ExecutorService 'febsAsyncThreadPool'
2021-02-16 21:04:01 febs-shiro INFO  main org.springframework.scheduling.quartz.SchedulerFactoryBean Shutting down Quartz Scheduler
2021-02-16 21:04:01 febs-shiro INFO  main org.quartz.core.QuartzScheduler Scheduler FEBS_Scheduler_$_Tom-PC1613480639235 shutting down.
2021-02-16 21:04:01 febs-shiro INFO  main org.quartz.core.QuartzScheduler Scheduler FEBS_Scheduler_$_Tom-PC1613480639235 paused.
2021-02-16 21:04:01 febs-shiro INFO  main org.quartz.core.QuartzScheduler Scheduler FEBS_Scheduler_$_Tom-PC1613480639235 shutdown complete.
2021-02-16 21:04:01 febs-shiro INFO  main com.baomidou.dynamic.datasource.DynamicRoutingDataSource dynamic-datasource start closing ....
2021-02-16 21:04:01 febs-shiro INFO  main com.zaxxer.hikari.HikariDataSource quartz - Shutdown initiated...
2021-02-16 21:04:01 febs-shiro INFO  main com.zaxxer.hikari.HikariDataSource quartz - Shutdown completed.
2021-02-16 21:04:01 febs-shiro INFO  main com.zaxxer.hikari.HikariDataSource base - Shutdown initiated...
2021-02-16 21:04:01 febs-shiro INFO  main com.zaxxer.hikari.HikariDataSource base - Shutdown completed.
2021-02-16 21:04:01 febs-shiro INFO  main com.baomidou.dynamic.datasource.DynamicRoutingDataSource dynamic-datasource all closed success,bye
2021-02-16 21:04:01 febs-shiro INFO  main org.springframework.boot.autoconfigure.logging.ConditionEvaluationReportLoggingListener 

Error starting ApplicationContext. To display the conditions report re-run your application with 'debug' enabled.
