2021-02-14 17:34:18 febs-shiro INFO  background-preinit org.hibernate.validator.internal.util.Version HV000001: Hibernate Validator 6.1.6.Final
2021-02-14 17:34:18 febs-shiro INFO  main cc.mrbird.febs.FebsShiroApplication Starting FebsShiroApplication using Java 11.0.6 on Tom-PC with PID 8888 (D:\work\FEBS-Shiro-2.0\target\classes started by Tom in D:\work\FEBS-Shiro-2.0)
2021-02-14 17:34:18 febs-shiro INFO  main cc.mrbird.febs.FebsShiroApplication The following profiles are active: dev
2021-02-14 17:34:19 febs-shiro INFO  main org.springframework.context.annotation.AutoProxyRegistrar AutoProxyRegistrar was imported but no annotations were found having both 'mode' and 'proxyTargetClass' attributes of type AdviceMode and boolean respectively. This means that auto proxy creator registration and configuration may not have occurred as intended, and components may not be proxied as expected. Check to ensure that AutoProxyRegistrar has been @Import'ed on the same class where these annotations are declared; otherwise remove the import of AutoProxyRegistrar altogether.
2021-02-14 17:34:20 febs-shiro INFO  main org.springframework.data.repository.config.RepositoryConfigurationDelegate Multiple Spring Data modules found, entering strict repository configuration mode!
2021-02-14 17:34:20 febs-shiro INFO  main org.springframework.data.repository.config.RepositoryConfigurationDelegate Bootstrapping Spring Data Redis repositories in DEFAULT mode.
2021-02-14 17:34:20 febs-shiro INFO  main org.springframework.data.repository.config.RepositoryConfigurationDelegate Finished Spring Data repository scanning in 56 ms. Found 0 Redis repository interfaces.
2021-02-14 17:34:20 febs-shiro INFO  main org.springframework.context.support.PostProcessorRegistrationDelegate$BeanPostProcessorChecker Bean 'spring.datasource.dynamic-com.baomidou.dynamic.datasource.spring.boot.autoconfigure.DynamicDataSourceProperties' of type [com.baomidou.dynamic.datasource.spring.boot.autoconfigure.DynamicDataSourceProperties] is not eligible for getting processed by all BeanPostProcessors (for example: not eligible for auto-proxying)
2021-02-14 17:34:20 febs-shiro INFO  main org.springframework.context.support.PostProcessorRegistrationDelegate$BeanPostProcessorChecker Bean 'com.baomidou.dynamic.datasource.spring.boot.autoconfigure.DynamicDataSourceAutoConfiguration' of type [com.baomidou.dynamic.datasource.spring.boot.autoconfigure.DynamicDataSourceAutoConfiguration$$EnhancerBySpringCGLIB$$1b040e9b] is not eligible for getting processed by all BeanPostProcessors (for example: not eligible for auto-proxying)
2021-02-14 17:34:20 febs-shiro INFO  main org.springframework.context.support.PostProcessorRegistrationDelegate$BeanPostProcessorChecker Bean 'dsProcessor' of type [com.baomidou.dynamic.datasource.processor.DsHeaderProcessor] is not eligible for getting processed by all BeanPostProcessors (for example: not eligible for auto-proxying)
2021-02-14 17:34:20 febs-shiro INFO  main org.springframework.context.support.PostProcessorRegistrationDelegate$BeanPostProcessorChecker Bean 'dynamicDatasourceAnnotationAdvisor' of type [com.baomidou.dynamic.datasource.aop.DynamicDataSourceAnnotationAdvisor] is not eligible for getting processed by all BeanPostProcessors (for example: not eligible for auto-proxying)
2021-02-14 17:34:20 febs-shiro INFO  main org.springframework.context.support.PostProcessorRegistrationDelegate$BeanPostProcessorChecker Bean 'febsProperties' of type [cc.mrbird.febs.common.properties.FebsProperties] is not eligible for getting processed by all BeanPostProcessors (for example: not eligible for auto-proxying)
2021-02-14 17:34:20 febs-shiro INFO  main org.springframework.context.support.PostProcessorRegistrationDelegate$BeanPostProcessorChecker Bean 'spring.redis-org.springframework.boot.autoconfigure.data.redis.RedisProperties' of type [org.springframework.boot.autoconfigure.data.redis.RedisProperties] is not eligible for getting processed by all BeanPostProcessors (for example: not eligible for auto-proxying)
2021-02-14 17:34:20 febs-shiro INFO  main org.springframework.context.support.PostProcessorRegistrationDelegate$BeanPostProcessorChecker Bean 'shiroConfig' of type [cc.mrbird.febs.common.authentication.ShiroConfig$$EnhancerBySpringCGLIB$$1cf59f73] is not eligible for getting processed by all BeanPostProcessors (for example: not eligible for auto-proxying)
2021-02-14 17:34:20 febs-shiro INFO  main org.springframework.context.support.PostProcessorRegistrationDelegate$BeanPostProcessorChecker Bean 'cacheManager' of type [org.crazycake.shiro.RedisCacheManager] is not eligible for getting processed by all BeanPostProcessors (for example: not eligible for auto-proxying)
2021-02-14 17:34:20 febs-shiro INFO  main org.springframework.context.support.PostProcessorRegistrationDelegate$BeanPostProcessorChecker Bean 'redisSessionDAO' of type [org.crazycake.shiro.RedisSessionDAO] is not eligible for getting processed by all BeanPostProcessors (for example: not eligible for auto-proxying)
2021-02-14 17:34:20 febs-shiro INFO  main org.springframework.context.support.PostProcessorRegistrationDelegate$BeanPostProcessorChecker Bean 'sessionServiceImpl' of type [cc.mrbird.febs.monitor.service.impl.SessionServiceImpl] is not eligible for getting processed by all BeanPostProcessors (for example: not eligible for auto-proxying)
2021-02-14 17:34:20 febs-shiro INFO  main org.springframework.context.support.PostProcessorRegistrationDelegate$BeanPostProcessorChecker Bean 'redisConfigure' of type [cc.mrbird.febs.common.configure.RedisConfigure$$EnhancerBySpringCGLIB$$21cdd7c9] is not eligible for getting processed by all BeanPostProcessors (for example: not eligible for auto-proxying)
2021-02-14 17:34:20 febs-shiro INFO  main org.springframework.context.support.PostProcessorRegistrationDelegate$BeanPostProcessorChecker Bean 'org.springframework.boot.autoconfigure.data.redis.LettuceConnectionConfiguration' of type [org.springframework.boot.autoconfigure.data.redis.LettuceConnectionConfiguration] is not eligible for getting processed by all BeanPostProcessors (for example: not eligible for auto-proxying)
2021-02-14 17:34:21 febs-shiro INFO  main org.springframework.context.support.PostProcessorRegistrationDelegate$BeanPostProcessorChecker Bean 'lettuceClientResources' of type [io.lettuce.core.resource.DefaultClientResources] is not eligible for getting processed by all BeanPostProcessors (for example: not eligible for auto-proxying)
2021-02-14 17:34:21 febs-shiro INFO  main org.springframework.context.support.PostProcessorRegistrationDelegate$BeanPostProcessorChecker Bean 'redisConnectionFactory' of type [org.springframework.data.redis.connection.lettuce.LettuceConnectionFactory] is not eligible for getting processed by all BeanPostProcessors (for example: not eligible for auto-proxying)
2021-02-14 17:34:21 febs-shiro INFO  main org.springframework.context.support.PostProcessorRegistrationDelegate$BeanPostProcessorChecker Bean 'redisTemplate' of type [org.springframework.data.redis.core.RedisTemplate] is not eligible for getting processed by all BeanPostProcessors (for example: not eligible for auto-proxying)
2021-02-14 17:34:21 febs-shiro INFO  main org.springframework.context.support.PostProcessorRegistrationDelegate$BeanPostProcessorChecker Bean 'redisService' of type [cc.mrbird.febs.common.service.RedisService] is not eligible for getting processed by all BeanPostProcessors (for example: not eligible for auto-proxying)
2021-02-14 17:34:21 febs-shiro INFO  main org.springframework.context.support.PostProcessorRegistrationDelegate$BeanPostProcessorChecker Bean 'shiroLogoutService' of type [cc.mrbird.febs.common.authentication.ShiroLogoutService] is not eligible for getting processed by all BeanPostProcessors (for example: not eligible for auto-proxying)
2021-02-14 17:34:21 febs-shiro INFO  main org.springframework.context.support.PostProcessorRegistrationDelegate$BeanPostProcessorChecker Bean 'mybatis-plus-com.baomidou.mybatisplus.autoconfigure.MybatisPlusProperties' of type [com.baomidou.mybatisplus.autoconfigure.MybatisPlusProperties] is not eligible for getting processed by all BeanPostProcessors (for example: not eligible for auto-proxying)
2021-02-14 17:34:21 febs-shiro INFO  main org.springframework.context.support.PostProcessorRegistrationDelegate$BeanPostProcessorChecker Bean 'mybatisPlusConfigure' of type [cc.mrbird.febs.common.configure.MybatisPlusConfigure$$EnhancerBySpringCGLIB$$18d343f7] is not eligible for getting processed by all BeanPostProcessors (for example: not eligible for auto-proxying)
2021-02-14 17:34:21 febs-shiro INFO  main org.springframework.context.support.PostProcessorRegistrationDelegate$BeanPostProcessorChecker Bean 'dataPermissionInterceptor' of type [cc.mrbird.febs.common.interceptor.DataPermissionInterceptor] is not eligible for getting processed by all BeanPostProcessors (for example: not eligible for auto-proxying)
2021-02-14 17:34:21 febs-shiro INFO  main org.springframework.context.support.PostProcessorRegistrationDelegate$BeanPostProcessorChecker Bean 'desensitizationInterceptor' of type [cc.mrbird.febs.common.interceptor.DesensitizationInterceptor] is not eligible for getting processed by all BeanPostProcessors (for example: not eligible for auto-proxying)
2021-02-14 17:34:21 febs-shiro INFO  main org.springframework.context.support.PostProcessorRegistrationDelegate$BeanPostProcessorChecker Bean 'paginationInterceptor' of type [com.baomidou.mybatisplus.extension.plugins.PaginationInterceptor] is not eligible for getting processed by all BeanPostProcessors (for example: not eligible for auto-proxying)
2021-02-14 17:34:21 febs-shiro INFO  main org.springframework.context.support.PostProcessorRegistrationDelegate$BeanPostProcessorChecker Bean 'com.baomidou.mybatisplus.autoconfigure.MybatisPlusAutoConfiguration' of type [com.baomidou.mybatisplus.autoconfigure.MybatisPlusAutoConfiguration$$EnhancerBySpringCGLIB$$ef3e0a64] is not eligible for getting processed by all BeanPostProcessors (for example: not eligible for auto-proxying)
2021-02-14 17:34:21 febs-shiro INFO  main org.springframework.context.support.PostProcessorRegistrationDelegate$BeanPostProcessorChecker Bean 'dataSourceCreator' of type [com.baomidou.dynamic.datasource.creator.DataSourceCreator] is not eligible for getting processed by all BeanPostProcessors (for example: not eligible for auto-proxying)
2021-02-14 17:34:21 febs-shiro INFO  main org.springframework.context.support.PostProcessorRegistrationDelegate$BeanPostProcessorChecker Bean 'dynamicDataSourceProvider' of type [com.baomidou.dynamic.datasource.provider.YmlDynamicDataSourceProvider] is not eligible for getting processed by all BeanPostProcessors (for example: not eligible for auto-proxying)
2021-02-14 17:34:21 febs-shiro INFO  main com.zaxxer.hikari.HikariDataSource base - Starting...
2021-02-14 17:34:21 febs-shiro INFO  main com.zaxxer.hikari.HikariDataSource base - Start completed.
2021-02-14 17:34:21 febs-shiro INFO  main com.zaxxer.hikari.HikariDataSource quartz - Starting...
2021-02-14 17:34:21 febs-shiro INFO  main com.zaxxer.hikari.HikariDataSource quartz - Start completed.
2021-02-14 17:34:21 febs-shiro INFO  main com.baomidou.dynamic.datasource.DynamicRoutingDataSource dynamic-datasource - load a datasource named [quartz] success
2021-02-14 17:34:21 febs-shiro INFO  main com.baomidou.dynamic.datasource.DynamicRoutingDataSource dynamic-datasource - load a datasource named [base] success
2021-02-14 17:34:21 febs-shiro INFO  main com.baomidou.dynamic.datasource.DynamicRoutingDataSource dynamic-datasource initial loaded [2] datasource,primary datasource named [base]
2021-02-14 17:34:21 febs-shiro INFO  main org.springframework.context.support.PostProcessorRegistrationDelegate$BeanPostProcessorChecker Bean 'dataSource' of type [com.baomidou.dynamic.datasource.DynamicRoutingDataSource] is not eligible for getting processed by all BeanPostProcessors (for example: not eligible for auto-proxying)
2021-02-14 17:34:22 febs-shiro INFO  main org.springframework.context.support.PostProcessorRegistrationDelegate$BeanPostProcessorChecker Bean 'spring.datasource-org.springframework.boot.autoconfigure.jdbc.DataSourceProperties' of type [org.springframework.boot.autoconfigure.jdbc.DataSourceProperties] is not eligible for getting processed by all BeanPostProcessors (for example: not eligible for auto-proxying)
2021-02-14 17:34:22 febs-shiro INFO  main org.springframework.context.support.PostProcessorRegistrationDelegate$BeanPostProcessorChecker Bean 'org.springframework.boot.autoconfigure.jdbc.DataSourceInitializerInvoker' of type [org.springframework.boot.autoconfigure.jdbc.DataSourceInitializerInvoker] is not eligible for getting processed by all BeanPostProcessors (for example: not eligible for auto-proxying)
2021-02-14 17:34:23 febs-shiro INFO  main org.springframework.context.support.PostProcessorRegistrationDelegate$BeanPostProcessorChecker Bean 'sqlSessionFactory' of type [org.apache.ibatis.session.defaults.DefaultSqlSessionFactory] is not eligible for getting processed by all BeanPostProcessors (for example: not eligible for auto-proxying)
2021-02-14 17:34:23 febs-shiro INFO  main org.springframework.context.support.PostProcessorRegistrationDelegate$BeanPostProcessorChecker Bean 'sqlSessionTemplate' of type [org.mybatis.spring.SqlSessionTemplate] is not eligible for getting processed by all BeanPostProcessors (for example: not eligible for auto-proxying)
2021-02-14 17:34:23 febs-shiro INFO  main org.springframework.context.support.PostProcessorRegistrationDelegate$BeanPostProcessorChecker Bean 'userDataPermissionMapper' of type [org.mybatis.spring.mapper.MapperFactoryBean] is not eligible for getting processed by all BeanPostProcessors (for example: not eligible for auto-proxying)
2021-02-14 17:34:23 febs-shiro INFO  main org.springframework.context.support.PostProcessorRegistrationDelegate$BeanPostProcessorChecker Bean 'userDataPermissionMapper' of type [com.sun.proxy.$Proxy128] is not eligible for getting processed by all BeanPostProcessors (for example: not eligible for auto-proxying)
2021-02-14 17:34:23 febs-shiro INFO  main org.springframework.context.support.PostProcessorRegistrationDelegate$BeanPostProcessorChecker Bean 'userDataPermissionService' of type [cc.mrbird.febs.system.service.impl.UserDataPermissionServiceImpl] is not eligible for getting processed by all BeanPostProcessors (for example: not eligible for auto-proxying)
2021-02-14 17:34:23 febs-shiro INFO  main org.springframework.context.support.PostProcessorRegistrationDelegate$BeanPostProcessorChecker Bean 'shiroRealm' of type [cc.mrbird.febs.common.authentication.ShiroRealm] is not eligible for getting processed by all BeanPostProcessors (for example: not eligible for auto-proxying)
2021-02-14 17:34:23 febs-shiro INFO  main org.springframework.context.support.PostProcessorRegistrationDelegate$BeanPostProcessorChecker Bean 'sessionManager' of type [org.apache.shiro.web.session.mgt.DefaultWebSessionManager] is not eligible for getting processed by all BeanPostProcessors (for example: not eligible for auto-proxying)
2021-02-14 17:34:23 febs-shiro INFO  main org.springframework.context.support.PostProcessorRegistrationDelegate$BeanPostProcessorChecker Bean 'securityManager' of type [org.apache.shiro.web.mgt.DefaultWebSecurityManager] is not eligible for getting processed by all BeanPostProcessors (for example: not eligible for auto-proxying)
2021-02-14 17:34:23 febs-shiro INFO  main org.springframework.context.support.PostProcessorRegistrationDelegate$BeanPostProcessorChecker Bean 'authorizationAttributeSourceAdvisor' of type [org.apache.shiro.spring.security.interceptor.AuthorizationAttributeSourceAdvisor] is not eligible for getting processed by all BeanPostProcessors (for example: not eligible for auto-proxying)
2021-02-14 17:34:23 febs-shiro INFO  main io.undertow.servlet Initializing Spring embedded WebApplicationContext
2021-02-14 17:34:23 febs-shiro INFO  main org.springframework.boot.web.servlet.context.ServletWebServerApplicationContext Root WebApplicationContext: initialization completed in 5705 ms
2021-02-14 17:34:24 febs-shiro INFO  main org.quartz.impl.StdSchedulerFactory Using default implementation for ThreadExecutor
2021-02-14 17:34:24 febs-shiro INFO  main org.quartz.core.SchedulerSignalerImpl Initialized Scheduler Signaller of type: class org.quartz.core.SchedulerSignalerImpl
2021-02-14 17:34:24 febs-shiro INFO  main org.quartz.core.QuartzScheduler Quartz Scheduler v.2.3.2 created.
2021-02-14 17:34:24 febs-shiro INFO  main org.springframework.scheduling.quartz.LocalDataSourceJobStore Using db table-based data access locking (synchronization).
2021-02-14 17:34:24 febs-shiro INFO  main org.springframework.scheduling.quartz.LocalDataSourceJobStore JobStoreCMT initialized.
2021-02-14 17:34:24 febs-shiro INFO  main org.quartz.core.QuartzScheduler Scheduler meta-data: Quartz Scheduler (v2.3.2) 'FEBS_Scheduler' with instanceId 'Tom-PC1613295264595'
  Scheduler class: 'org.quartz.core.QuartzScheduler' - running locally.
  NOT STARTED.
  Currently in standby mode.
  Number of jobs executed: 0
  Using thread pool 'org.quartz.simpl.SimpleThreadPool' - with 20 threads.
  Using job-store 'org.springframework.scheduling.quartz.LocalDataSourceJobStore' - which supports persistence. and is clustered.

2021-02-14 17:34:24 febs-shiro INFO  main org.quartz.impl.StdSchedulerFactory Quartz scheduler 'FEBS_Scheduler' initialized from an externally provided properties instance.
2021-02-14 17:34:24 febs-shiro INFO  main org.quartz.impl.StdSchedulerFactory Quartz scheduler version: 2.3.2
2021-02-14 17:34:24 febs-shiro INFO  main org.quartz.core.QuartzScheduler JobFactory set to: org.springframework.scheduling.quartz.AdaptableJobFactory@75b4db22
2021-02-14 17:34:26 febs-shiro INFO  main org.springframework.boot.actuate.endpoint.web.EndpointLinksResolver Exposing 2 endpoint(s) beneath base path '/actuator'
2021-02-14 17:34:27 febs-shiro INFO  main org.springframework.scheduling.concurrent.ThreadPoolTaskExecutor Initializing ExecutorService
2021-02-14 17:34:27 febs-shiro INFO  main org.springframework.scheduling.concurrent.ThreadPoolTaskExecutor Initializing ExecutorService 'febsAsyncThreadPool'
2021-02-14 17:34:27 febs-shiro INFO  main org.springframework.scheduling.concurrent.ThreadPoolTaskExecutor Initializing ExecutorService
2021-02-14 17:34:27 febs-shiro INFO  main org.springframework.scheduling.concurrent.ThreadPoolTaskExecutor Initializing ExecutorService 'scheduleJobExecutorService'
2021-02-14 17:34:27 febs-shiro INFO  main org.springframework.boot.autoconfigure.web.servlet.WelcomePageHandlerMapping Adding welcome page template: index
2021-02-14 17:34:28 febs-shiro INFO  main cc.mrbird.febs.common.xss.XssFilter ------------ xss filter init ------------
2021-02-14 17:34:28 febs-shiro INFO  main io.undertow starting server: Undertow - 2.2.2.Final
2021-02-14 17:34:28 febs-shiro INFO  main org.xnio XNIO version 3.8.0.Final
2021-02-14 17:34:28 febs-shiro INFO  main org.xnio.nio XNIO NIO Implementation Version 3.8.0.Final
2021-02-14 17:34:28 febs-shiro INFO  main org.jboss.threads JBoss Threads version 3.1.0.Final
2021-02-14 17:34:28 febs-shiro INFO  main org.springframework.boot.web.embedded.undertow.UndertowWebServer Undertow started on port(s) 8080 (http)
2021-02-14 17:34:29 febs-shiro INFO  main org.springframework.scheduling.quartz.SchedulerFactoryBean Will start Quartz Scheduler [FEBS_Scheduler] in 1 seconds
2021-02-14 17:34:29 febs-shiro INFO  main cc.mrbird.febs.FebsShiroApplication Started FebsShiroApplication in 11.855 seconds (JVM running for 14.464)
2021-02-14 17:34:29 febs-shiro INFO  main cc.mrbird.febs.common.runner.FebsStartedUpRunner  __    ___   _      ___   _     ____ _____  ____ 
2021-02-14 17:34:29 febs-shiro INFO  main cc.mrbird.febs.common.runner.FebsStartedUpRunner / /`  / / \ | |\/| | |_) | |   | |_   | |  | |_  
2021-02-14 17:34:29 febs-shiro INFO  main cc.mrbird.febs.common.runner.FebsStartedUpRunner \_\_, \_\_/ |_|  | |_|   |_|__ |_|__  |_|  |_|__ 
2021-02-14 17:34:29 febs-shiro INFO  main cc.mrbird.febs.common.runner.FebsStartedUpRunner                                                       
2021-02-14 17:34:29 febs-shiro INFO  main cc.mrbird.febs.common.runner.FebsStartedUpRunner FEBS权限系统启动完毕，系统编译打包时间：2021-01-26 23:46:45，地址：http://192.168.3.2:8080/login
2021-02-14 17:34:30 febs-shiro INFO  Quartz Scheduler [FEBS_Scheduler] org.springframework.scheduling.quartz.SchedulerFactoryBean Starting Quartz Scheduler now, after delay of 1 seconds
2021-02-14 17:34:30 febs-shiro INFO  Quartz Scheduler [FEBS_Scheduler] org.springframework.scheduling.quartz.LocalDataSourceJobStore ClusterManager: detected 1 failed or restarted instances.
2021-02-14 17:34:30 febs-shiro INFO  Quartz Scheduler [FEBS_Scheduler] org.springframework.scheduling.quartz.LocalDataSourceJobStore ClusterManager: Scanning for instance "Tom-PC1612839845452"'s failed in-progress jobs.
2021-02-14 17:34:30 febs-shiro INFO  Quartz Scheduler [FEBS_Scheduler] org.quartz.core.QuartzScheduler Scheduler FEBS_Scheduler_$_Tom-PC1613295264595 started.
2021-02-14 17:34:30 febs-shiro INFO  RMI TCP Connection(7)-192.168.3.2 io.undertow.servlet Initializing Spring DispatcherServlet 'dispatcherServlet'
2021-02-14 17:34:30 febs-shiro INFO  RMI TCP Connection(7)-192.168.3.2 org.springframework.web.servlet.DispatcherServlet Initializing Servlet 'dispatcherServlet'
2021-02-14 17:34:30 febs-shiro INFO  RMI TCP Connection(7)-192.168.3.2 org.springframework.web.servlet.DispatcherServlet Completed initialization in 5 ms
2021-02-14 17:34:34 febs-shiro INFO  XNIO-1 task-1 org.apache.shiro.session.mgt.AbstractValidatingSessionManager Enabling session validation scheduler...
2021-02-14 17:36:16 febs-shiro INFO  XNIO-1 task-3 cc.mrbird.febs.common.aspect.LimitAspect IP:192.168.3.2 第 1 次访问key为 [limit_get_captcha192.168.3.2]，描述为 [获取验证码] 的接口
2021-02-14 17:36:22 febs-shiro INFO  XNIO-1 task-3 cc.mrbird.febs.common.aspect.LimitAspect IP:192.168.3.2 第 1 次访问key为 [limit_login192.168.3.2]，描述为 [登录接口] 的接口
2021-02-14 17:39:20 febs-shiro INFO  febs-async-thread-2 cc.mrbird.febs.common.authentication.ShiroLogoutService async clean up user cache fragment,cache key: [shiro:cache:cc.mrbird.febs.common.authentication.ShiroRealm.authenticationCache:mrbird]
2021-02-14 17:39:20 febs-shiro INFO  XNIO-1 task-3 cc.mrbird.febs.common.aspect.LimitAspect IP:192.168.3.2 第 1 次访问key为 [limit_get_captcha192.168.3.2]，描述为 [获取验证码] 的接口
2021-02-14 17:40:14 febs-shiro INFO  XNIO-1 task-3 cc.mrbird.febs.common.aspect.LimitAspect IP:192.168.3.2 第 1 次访问key为 [limit_login192.168.3.2]，描述为 [登录接口] 的接口
